#
# There is insufficient memory for the Java Runtime Environment to continue.
# Native memory allocation (malloc) failed to allocate 1675376 bytes for Chunk::new
# Possible reasons:
#   The system is out of physical RAM or swap space
#   In 32 bit mode, the process size limit was hit
# Possible solutions:
#   Reduce memory load on the system
#   Increase physical memory or swap space
#   Check if swap backing store is full
#   Use 64 bit Java on a 64 bit OS
#   Decrease Java heap size (-Xmx/-Xms)
#   Decrease number of Java threads
#   Decrease Java thread stack sizes (-Xss)
#   Set larger code cache with -XX:ReservedCodeCacheSize=
# This output file may be truncated or incomplete.
#
#  Out of Memory Error (allocation.cpp:390), pid=39308, tid=0x0000000000008eac
#
# JRE version: OpenJDK Runtime Environment (8.0_152-b02) (build 1.8.0_152-release-1024-b02)
# Java VM: OpenJDK 64-Bit Server VM (25.152-b02 mixed mode windows-amd64 compressed oops)
# Failed to write core dump. Minidumps are not enabled by default on client versions of Windows
#

---------------  T H R E A D  ---------------

Current thread (0x00000000208e6800):  JavaThread "C2 CompilerThread0" daemon [_thread_in_native, id=36524, stack(0x0000000021f30000,0x0000000022030000)]

Stack: [0x0000000021f30000,0x0000000022030000]
[error occurred during error reporting (printing stack bounds), id 0xc0000005]

Native frames: (J=compiled Java code, j=interpreted, Vv=VM code, C=native code)


Current CompileTask:
C2:   8460 5751       4       org.jetbrains.kotlin.resolve.OverridingUtil::generateOverridesInFunctionGroup (73 bytes)


---------------  P R O C E S S  ---------------

Java Threads: ( => current thread )
  0x0000000022263000 JavaThread "Service Thread" daemon [_thread_blocked, id=11668, stack(0x0000000022630000,0x0000000022730000)]
  0x00000000208f1800 JavaThread "C1 CompilerThread2" daemon [_thread_blocked, id=32420, stack(0x0000000022130000,0x0000000022230000)]
  0x00000000208eb000 JavaThread "C2 CompilerThread1" daemon [_thread_in_native, id=11388, stack(0x0000000022030000,0x0000000022130000)]
=>0x00000000208e6800 JavaThread "C2 CompilerThread0" daemon [_thread_in_native, id=36524, stack(0x0000000021f30000,0x0000000022030000)]
  0x00000000208e5000 JavaThread "Attach Listener" daemon [_thread_blocked, id=33656, stack(0x0000000021e30000,0x0000000021f30000)]
  0x00000000208e4000 JavaThread "Signal Dispatcher" daemon [_thread_blocked, id=23592, stack(0x0000000021d30000,0x0000000021e30000)]
  0x00000000208ce000 JavaThread "Finalizer" daemon [_thread_blocked, id=31480, stack(0x0000000021b30000,0x0000000021c30000)]
  0x0000000002819000 JavaThread "Reference Handler" daemon [_thread_blocked, id=21216, stack(0x0000000021a30000,0x0000000021b30000)]
  0x0000000002729000 JavaThread "main" [_thread_in_vm, id=29652, stack(0x0000000002550000,0x0000000002650000)]

Other Threads:
  0x00000000208a5000 VMThread [stack: 0x0000000021930000,0x0000000021a30000] [id=1328]
  0x0000000022264000 WatcherThread [stack: 0x0000000022730000,0x0000000022830000] [id=15988]

VM state:not at safepoint (normal execution)

VM Mutex/Monitor currently owned by a thread: None

Heap:
 PSYoungGen      total 147456K, used 88436K [0x0000000740700000, 0x000000074ab80000, 0x00000007c0000000)
  eden space 131584K, 55% used [0x0000000740700000,0x0000000744e3bd78,0x0000000748780000)
  from space 15872K, 97% used [0x0000000749c00000,0x000000074ab213f0,0x000000074ab80000)
  to   space 16384K, 0% used [0x0000000748b80000,0x0000000748b80000,0x0000000749b80000)
 ParOldGen       total 192000K, used 24025K [0x0000000641400000, 0x000000064cf80000, 0x0000000740700000)
  object space 192000K, 12% used [0x0000000641400000,0x0000000642b76560,0x000000064cf80000)
 Metaspace       used 39110K, capacity 39812K, committed 40152K, reserved 1085440K
  class space    used 4693K, capacity 4862K, committed 4864K, reserved 1048576K

Card table byte_map: [0x0000000011be0000,0x00000000127e0000] byte_map_base: 0x000000000e9d6000

Marking Bits: (ParMarkBitMap*) 0x0000000065564970
 Begin Bits: [0x00000000133e0000, 0x0000000019390000)
 End Bits:   [0x0000000019390000, 0x000000001f340000)

Polling page: 0x0000000002650000

CodeCache: size=245760Kb used=18324Kb max_used=19153Kb free=227435Kb
 bounds [0x0000000002820000, 0x0000000003af0000, 0x0000000011820000]
 total_blobs=6059 nmethods=5622 adapters=349
 compilation: enabled

Compilation events (10 events):
Event: 8.440 Thread 0x00000000208f1800 5943       2       org.jetbrains.kotlin.com.google.common.collect.AbstractSetMultimap::get (6 bytes)
Event: 8.440 Thread 0x00000000208f1800 nmethod 5943 0x0000000002b4f110 code [0x0000000002b4f280, 0x0000000002b4f408]
Event: 8.440 Thread 0x00000000208f1800 5944       2       org.jetbrains.kotlin.com.google.common.collect.AbstractMapBasedMultimap$KeySet$1::next (26 bytes)
Event: 8.440 Thread 0x00000000208f1800 nmethod 5944 0x0000000002970850 code [0x00000000029709c0, 0x0000000002970bd8]
Event: 8.441 Thread 0x00000000208f1800 5945       2       org.jetbrains.kotlin.com.google.common.collect.AbstractMapBasedMultimap$KeySet$1::hasNext (10 bytes)
Event: 8.442 Thread 0x00000000208f1800 nmethod 5945 0x0000000002b57810 code [0x0000000002b57980, 0x0000000002b57b08]
Event: 8.442 Thread 0x00000000208f1800 5946       2       org.jetbrains.kotlin.com.google.common.collect.HashMultimap::get (6 bytes)
Event: 8.442 Thread 0x00000000208f1800 nmethod 5946 0x0000000002a48290 code [0x0000000002a48420, 0x0000000002a48738]
Event: 8.442 Thread 0x00000000208f1800 5947       2       org.jetbrains.kotlin.resolve.scopes.MemberScope$Companion::getALL_NAME_FILTER (4 bytes)
Event: 8.442 Thread 0x00000000208f1800 nmethod 5947 0x0000000002a56350 code [0x0000000002a564a0, 0x0000000002a565f0]

GC Heap History (10 events):
Event: 1.859 GC heap before
{Heap before GC invocations=2 (full 1):
 PSYoungGen      total 114688K, used 16369K [0x0000000740700000, 0x0000000748700000, 0x00000007c0000000)
  eden space 98304K, 0% used [0x0000000740700000,0x0000000740700000,0x0000000746700000)
  from space 16384K, 99% used [0x0000000746700000,0x00000007476fc528,0x0000000747700000)
  to   space 16384K, 0% used [0x0000000747700000,0x0000000747700000,0x0000000748700000)
 ParOldGen       total 262144K, used 2393K [0x0000000641400000, 0x0000000651400000, 0x0000000740700000)
  object space 262144K, 0% used [0x0000000641400000,0x0000000641656760,0x0000000651400000)
 Metaspace       used 20691K, capacity 20999K, committed 21248K, reserved 1067008K
  class space    used 2618K, capacity 2732K, committed 2816K, reserved 1048576K
Event: 1.910 GC heap after
Heap after GC invocations=2 (full 1):
 PSYoungGen      total 114688K, used 0K [0x0000000740700000, 0x0000000748700000, 0x00000007c0000000)
  eden space 98304K, 0% used [0x0000000740700000,0x0000000740700000,0x0000000746700000)
  from space 16384K, 0% used [0x0000000746700000,0x0000000746700000,0x0000000747700000)
  to   space 16384K, 0% used [0x0000000747700000,0x0000000747700000,0x0000000748700000)
 ParOldGen       total 192000K, used 17747K [0x0000000641400000, 0x000000064cf80000, 0x0000000740700000)
  object space 192000K, 9% used [0x0000000641400000,0x0000000642554d58,0x000000064cf80000)
 Metaspace       used 20691K, capacity 20999K, committed 21248K, reserved 1067008K
  class space    used 2618K, capacity 2732K, committed 2816K, reserved 1048576K
}
Event: 4.965 GC heap before
{Heap before GC invocations=3 (full 1):
 PSYoungGen      total 114688K, used 98304K [0x0000000740700000, 0x0000000748700000, 0x00000007c0000000)
  eden space 98304K, 100% used [0x0000000740700000,0x0000000746700000,0x0000000746700000)
  from space 16384K, 0% used [0x0000000746700000,0x0000000746700000,0x0000000747700000)
  to   space 16384K, 0% used [0x0000000747700000,0x0000000747700000,0x0000000748700000)
 ParOldGen       total 192000K, used 17747K [0x0000000641400000, 0x000000064cf80000, 0x0000000740700000)
  object space 192000K, 9% used [0x0000000641400000,0x0000000642554d58,0x000000064cf80000)
 Metaspace       used 33046K, capacity 33618K, committed 34048K, reserved 1079296K
  class space    used 4053K, capacity 4226K, committed 4352K, reserved 1048576K
Event: 5.003 GC heap after
Heap after GC invocations=3 (full 1):
 PSYoungGen      total 114688K, used 16383K [0x0000000740700000, 0x000000074a280000, 0x00000007c0000000)
  eden space 98304K, 0% used [0x0000000740700000,0x0000000740700000,0x0000000746700000)
  from space 16384K, 99% used [0x0000000747700000,0x00000007486ffef8,0x0000000748700000)
  to   space 16384K, 0% used [0x0000000746700000,0x0000000746700000,0x0000000747700000)
 ParOldGen       total 192000K, used 25808K [0x0000000641400000, 0x000000064cf80000, 0x0000000740700000)
  object space 192000K, 13% used [0x0000000641400000,0x0000000642d340d0,0x000000064cf80000)
 Metaspace       used 33046K, capacity 33618K, committed 34048K, reserved 1079296K
  class space    used 4053K, capacity 4226K, committed 4352K, reserved 1048576K
}
Event: 5.487 GC heap before
{Heap before GC invocations=4 (full 1):
 PSYoungGen      total 114688K, used 42030K [0x0000000740700000, 0x000000074a280000, 0x00000007c0000000)
  eden space 98304K, 26% used [0x0000000740700000,0x000000074200ba48,0x0000000746700000)
  from space 16384K, 99% used [0x0000000747700000,0x00000007486ffef8,0x0000000748700000)
  to   space 16384K, 0% used [0x0000000746700000,0x0000000746700000,0x0000000747700000)
 ParOldGen       total 192000K, used 25808K [0x0000000641400000, 0x000000064cf80000, 0x0000000740700000)
  object space 192000K, 13% used [0x0000000641400000,0x0000000642d340d0,0x000000064cf80000)
 Metaspace       used 34656K, capacity 35160K, committed 35416K, reserved 1081344K
  class space    used 4264K, capacity 4433K, committed 4480K, reserved 1048576K
Event: 5.502 GC heap after
Heap after GC invocations=4 (full 1):
 PSYoungGen      total 114688K, used 16359K [0x0000000740700000, 0x000000074ac00000, 0x00000007c0000000)
  eden space 98304K, 0% used [0x0000000740700000,0x0000000740700000,0x0000000746700000)
  from space 16384K, 99% used [0x0000000746700000,0x00000007476f9e50,0x0000000747700000)
  to   space 16384K, 0% used [0x0000000749c00000,0x0000000749c00000,0x000000074ac00000)
 ParOldGen       total 192000K, used 26425K [0x0000000641400000, 0x000000064cf80000, 0x0000000740700000)
  object space 192000K, 13% used [0x0000000641400000,0x0000000642dce4b0,0x000000064cf80000)
 Metaspace       used 34656K, capacity 35160K, committed 35416K, reserved 1081344K
  class space    used 4264K, capacity 4433K, committed 4480K, reserved 1048576K
}
Event: 5.502 GC heap before
{Heap before GC invocations=5 (full 2):
 PSYoungGen      total 114688K, used 16359K [0x0000000740700000, 0x000000074ac00000, 0x00000007c0000000)
  eden space 98304K, 0% used [0x0000000740700000,0x0000000740700000,0x0000000746700000)
  from space 16384K, 99% used [0x0000000746700000,0x00000007476f9e50,0x0000000747700000)
  to   space 16384K, 0% used [0x0000000749c00000,0x0000000749c00000,0x000000074ac00000)
 ParOldGen       total 192000K, used 26425K [0x0000000641400000, 0x000000064cf80000, 0x0000000740700000)
  object space 192000K, 13% used [0x0000000641400000,0x0000000642dce4b0,0x000000064cf80000)
 Metaspace       used 34656K, capacity 35160K, committed 35416K, reserved 1081344K
  class space    used 4264K, capacity 4433K, committed 4480K, reserved 1048576K
Event: 5.623 GC heap after
Heap after GC invocations=5 (full 2):
 PSYoungGen      total 114688K, used 0K [0x0000000740700000, 0x000000074ac00000, 0x00000007c0000000)
  eden space 98304K, 0% used [0x0000000740700000,0x0000000740700000,0x0000000746700000)
  from space 16384K, 0% used [0x0000000746700000,0x0000000746700000,0x0000000747700000)
  to   space 16384K, 0% used [0x0000000749c00000,0x0000000749c00000,0x000000074ac00000)
 ParOldGen       total 192000K, used 24017K [0x0000000641400000, 0x000000064cf80000, 0x0000000740700000)
  object space 192000K, 12% used [0x0000000641400000,0x0000000642b74560,0x000000064cf80000)
 Metaspace       used 34656K, capacity 35160K, committed 35416K, reserved 1081344K
  class space    used 4264K, capacity 4433K, committed 4480K, reserved 1048576K
}
Event: 7.535 GC heap before
{Heap before GC invocations=6 (full 2):
 PSYoungGen      total 114688K, used 98304K [0x0000000740700000, 0x000000074ac00000, 0x00000007c0000000)
  eden space 98304K, 100% used [0x0000000740700000,0x0000000746700000,0x0000000746700000)
  from space 16384K, 0% used [0x0000000746700000,0x0000000746700000,0x0000000747700000)
  to   space 16384K, 0% used [0x0000000749c00000,0x0000000749c00000,0x000000074ac00000)
 ParOldGen       total 192000K, used 24017K [0x0000000641400000, 0x000000064cf80000, 0x0000000740700000)
  object space 192000K, 12% used [0x0000000641400000,0x0000000642b74560,0x000000064cf80000)
 Metaspace       used 38336K, capacity 38984K, committed 39384K, reserved 1083392K
  class space    used 4625K, capacity 4785K, committed 4864K, reserved 1048576K
Event: 7.556 GC heap after
Heap after GC invocations=6 (full 2):
 PSYoungGen      total 147456K, used 15492K [0x0000000740700000, 0x000000074ab80000, 0x00000007c0000000)
  eden space 131584K, 0% used [0x0000000740700000,0x0000000740700000,0x0000000748780000)
  from space 15872K, 97% used [0x0000000749c00000,0x000000074ab213f0,0x000000074ab80000)
  to   space 16384K, 0% used [0x0000000748b80000,0x0000000748b80000,0x0000000749b80000)
 ParOldGen       total 192000K, used 24025K [0x0000000641400000, 0x000000064cf80000, 0x0000000740700000)
  object space 192000K, 12% used [0x0000000641400000,0x0000000642b76560,0x000000064cf80000)
 Metaspace       used 38336K, capacity 38984K, committed 39384K, reserved 1083392K
  class space    used 4625K, capacity 4785K, committed 4864K, reserved 1048576K
}

Deoptimization events (10 events):
Event: 8.301 Thread 0x0000000002729000 Uncommon trap: reason=bimorphic action=maybe_recompile pc=0x0000000003a7bcb0 method=org.jetbrains.kotlin.descriptors.impl.FunctionDescriptorImpl.setOverriddenDescriptors(Ljava/util/Collection;)V @ 35
Event: 8.324 Thread 0x0000000002729000 Uncommon trap: reason=unstable_if action=reinterpret pc=0x00000000038532ac method=org.jetbrains.kotlin.util.Checks.isApplicable(Lorg/jetbrains/kotlin/descriptors/FunctionDescriptor;)Z @ 28
Event: 8.324 Thread 0x0000000002729000 Uncommon trap: reason=unstable_if action=reinterpret pc=0x0000000003956180 method=org.jetbrains.kotlin.util.AbstractModifierChecks.check(Lorg/jetbrains/kotlin/descriptors/FunctionDescriptor;)Lorg/jetbrains/kotlin/util/CheckResult; @ 40
Event: 8.328 Thread 0x0000000002729000 Uncommon trap: reason=unstable_if action=reinterpret pc=0x0000000003a4efdc method=org.jetbrains.kotlin.load.java.descriptors.JavaMethodDescriptor$ParameterNamesStatus.get(ZZ)Lorg/jetbrains/kotlin/load/java/descriptors/JavaMethodDescriptor$ParameterNamesSt
Event: 8.380 Thread 0x0000000002729000 Uncommon trap: reason=class_check action=maybe_recompile pc=0x0000000003a117e8 method=org.jetbrains.kotlin.types.FlexibleType.getConstructor()Lorg/jetbrains/kotlin/types/TypeConstructor; @ 1
Event: 8.380 Thread 0x0000000002729000 Uncommon trap: reason=class_check action=maybe_recompile pc=0x0000000003a117e8 method=org.jetbrains.kotlin.types.FlexibleType.getConstructor()Lorg/jetbrains/kotlin/types/TypeConstructor; @ 1
Event: 8.437 Thread 0x0000000002729000 Uncommon trap: reason=bimorphic action=maybe_recompile pc=0x0000000003793758 method=org.jetbrains.kotlin.com.google.common.collect.AbstractMapBasedMultimap$WrappedCollection.refreshIfEmpty()V @ 40
Event: 8.437 Thread 0x0000000002729000 Uncommon trap: reason=bimorphic action=maybe_recompile pc=0x0000000003793758 method=org.jetbrains.kotlin.com.google.common.collect.AbstractMapBasedMultimap$WrappedCollection.refreshIfEmpty()V @ 40
Event: 8.437 Thread 0x0000000002729000 Uncommon trap: reason=bimorphic action=maybe_recompile pc=0x0000000003793758 method=org.jetbrains.kotlin.com.google.common.collect.AbstractMapBasedMultimap$WrappedCollection.refreshIfEmpty()V @ 40
Event: 8.437 Thread 0x0000000002729000 Uncommon trap: reason=bimorphic action=maybe_recompile pc=0x0000000003793758 method=org.jetbrains.kotlin.com.google.common.collect.AbstractMapBasedMultimap$WrappedCollection.refreshIfEmpty()V @ 40

Classes redefined (0 events):
No events

Internal exceptions (10 events):
Event: 3.684 Thread 0x0000000002729000 Exception <a 'java/lang/NoSuchMethodError': java.lang.Object.lambda$static$0(I)[Lorg/jetbrains/kotlin/psi/KtExpression;> (0x0000000744c82b30) thrown at [D:\src\AOSP-openjdk-cygwin\jdk8u\hotspot\src\share\vm\interpreter\linkResolver.cpp, line 584]
Event: 3.853 Thread 0x0000000002729000 Implicit null exception at 0x0000000003022488 to 0x00000000030233d5
Event: 4.079 Thread 0x0000000002729000 Implicit null exception at 0x0000000002f6f3cc to 0x0000000002f6f47d
Event: 4.356 Thread 0x0000000002729000 Exception <a 'java/lang/NoSuchMethodError': java.lang.Object.lambda$static$0(I)[Lorg/jetbrains/kotlin/psi/KtDeclaration;> (0x00000007455f4e10) thrown at [D:\src\AOSP-openjdk-cygwin\jdk8u\hotspot\src\share\vm\interpreter\linkResolver.cpp, line 584]
Event: 4.359 Thread 0x0000000002729000 Exception <a 'java/lang/NoSuchMethodError': java.lang.Object.lambda$static$0(I)[Lorg/jetbrains/kotlin/com/intellij/psi/PsiElement;> (0x0000000745601ad8) thrown at [D:\src\AOSP-openjdk-cygwin\jdk8u\hotspot\src\share\vm\interpreter\linkResolver.cpp, line 58
Event: 4.452 Thread 0x0000000002729000 Exception <a 'java/lang/NoSuchMethodError': java.lang.Object.lambda$static$0(I)[Lorg/jetbrains/kotlin/psi/KtTypeElement;> (0x00000007457c8fd0) thrown at [D:\src\AOSP-openjdk-cygwin\jdk8u\hotspot\src\share\vm\interpreter\linkResolver.cpp, line 584]
Event: 4.629 Thread 0x0000000002729000 Implicit null exception at 0x0000000003007394 to 0x0000000003007574
Event: 5.047 Thread 0x0000000002729000 Exception <a 'java/lang/NoSuchMethodError': java.lang.Object.lambda$static$0(I)[Lorg/jetbrains/kotlin/com/intellij/psi/PsiClass;> (0x00000007408163f0) thrown at [D:\src\AOSP-openjdk-cygwin\jdk8u\hotspot\src\share\vm\interpreter\linkResolver.cpp, line 584]
Event: 6.611 Thread 0x0000000002729000 Implicit null exception at 0x0000000003448dd4 to 0x00000000034490f9
Event: 6.611 Thread 0x0000000002729000 Implicit null exception at 0x000000000341a26f to 0x000000000341a2ad

Events (10 events):
Event: 8.437 Thread 0x0000000002729000 DEOPT UNPACKING pc=0x000000000286557b sp=0x000000000264eaf8 mode 2
Event: 8.437 Thread 0x0000000002729000 Uncommon trap: trap_request=0xffffffc6 fr.pc=0x0000000003793758
Event: 8.437 Thread 0x0000000002729000 DEOPT PACKING pc=0x0000000003793758 sp=0x000000000264eb40
Event: 8.437 Thread 0x0000000002729000 DEOPT UNPACKING pc=0x000000000286557b sp=0x000000000264eaf8 mode 2
Event: 8.437 Thread 0x0000000002729000 Uncommon trap: trap_request=0xffffffc6 fr.pc=0x0000000003793758
Event: 8.437 Thread 0x0000000002729000 DEOPT PACKING pc=0x0000000003793758 sp=0x000000000264eb40
Event: 8.437 Thread 0x0000000002729000 DEOPT UNPACKING pc=0x000000000286557b sp=0x000000000264eaf8 mode 2
Event: 8.437 Thread 0x0000000002729000 Uncommon trap: trap_request=0xffffffc6 fr.pc=0x0000000003793758
Event: 8.437 Thread 0x0000000002729000 DEOPT PACKING pc=0x0000000003793758 sp=0x000000000264eb40
Event: 8.437 Thread 0x0000000002729000 DEOPT UNPACKING pc=0x000000000286557b sp=0x000000000264eaf8 mode 2


Dynamic libraries:
0x00007ff6e20e0000 - 0x00007ff6e2111000 	C:\Program Files\Android\Android Studio\jre\jre\bin\java.exe
0x00007ff8101f0000 - 0x00007ff8103d1000 	C:\WINDOWS\SYSTEM32\ntdll.dll
0x00007ff80e260000 - 0x00007ff80e312000 	C:\WINDOWS\System32\KERNEL32.DLL
0x00007ff80d1b0000 - 0x00007ff80d423000 	C:\WINDOWS\System32\KERNELBASE.dll
0x00007ff80e1b0000 - 0x00007ff80e251000 	C:\WINDOWS\System32\ADVAPI32.dll
0x00007ff80df20000 - 0x00007ff80dfbe000 	C:\WINDOWS\System32\msvcrt.dll
0x00007ff80fd60000 - 0x00007ff80fdbb000 	C:\WINDOWS\System32\sechost.dll
0x00007ff80fed0000 - 0x00007ff80fff4000 	C:\WINDOWS\System32\RPCRT4.dll
0x00007ff810030000 - 0x00007ff8101c0000 	C:\WINDOWS\System32\USER32.dll
0x00007ff80c640000 - 0x00007ff80c660000 	C:\WINDOWS\System32\win32u.dll
0x00007ff810000000 - 0x00007ff810028000 	C:\WINDOWS\System32\GDI32.dll
0x00007ff80cf10000 - 0x00007ff80d0a2000 	C:\WINDOWS\System32\gdi32full.dll
0x00007ff80ce70000 - 0x00007ff80cf0f000 	C:\WINDOWS\System32\msvcp_win.dll
0x00007ff80d0b0000 - 0x00007ff80d1aa000 	C:\WINDOWS\System32\ucrtbase.dll
0x00007ffff6690000 - 0x00007ffff68f9000 	C:\WINDOWS\WinSxS\amd64_microsoft.windows.common-controls_6595b64144ccf1df_6.0.17134.345_none_fb429a5930656358\COMCTL32.dll
0x00007ff80e330000 - 0x00007ff80e653000 	C:\WINDOWS\System32\combase.dll
0x00007ff80c5c0000 - 0x00007ff80c63a000 	C:\WINDOWS\System32\bcryptPrimitives.dll
0x00007ff80fc20000 - 0x00007ff80fc4d000 	C:\WINDOWS\System32\IMM32.DLL
0x00000000666f0000 - 0x00000000667c2000 	C:\Program Files\Android\Android Studio\jre\jre\bin\msvcr100.dll
0x0000000064da0000 - 0x00000000655df000 	C:\Program Files\Android\Android Studio\jre\jre\bin\server\jvm.dll
0x00007ff80e020000 - 0x00007ff80e028000 	C:\WINDOWS\System32\PSAPI.DLL
0x00007ffffd180000 - 0x00007ffffd189000 	C:\WINDOWS\SYSTEM32\WSOCK32.dll
0x00007ff808740000 - 0x00007ff808763000 	C:\WINDOWS\SYSTEM32\WINMM.dll
0x00007ffffca20000 - 0x00007ffffca2a000 	C:\WINDOWS\SYSTEM32\VERSION.dll
0x00007ff80fdc0000 - 0x00007ff80fe2c000 	C:\WINDOWS\System32\WS2_32.dll
0x00007ff808710000 - 0x00007ff80873a000 	C:\WINDOWS\SYSTEM32\WINMMBASE.dll
0x00007ff80cd70000 - 0x00007ff80cdb9000 	C:\WINDOWS\System32\cfgmgr32.dll
0x00007ff8060f0000 - 0x00007ff8060ff000 	C:\Program Files\Android\Android Studio\jre\jre\bin\verify.dll
0x00007ff805eb0000 - 0x00007ff805ed9000 	C:\Program Files\Android\Android Studio\jre\jre\bin\java.dll
0x00007ff805e90000 - 0x00007ff805ea6000 	C:\Program Files\Android\Android Studio\jre\jre\bin\zip.dll
0x00007ff80e660000 - 0x00007ff80fa9f000 	C:\WINDOWS\System32\SHELL32.dll
0x00007ff80fcb0000 - 0x00007ff80fd59000 	C:\WINDOWS\System32\shcore.dll
0x00007ff80c660000 - 0x00007ff80cd6d000 	C:\WINDOWS\System32\windows.storage.dll
0x00007ff80fbc0000 - 0x00007ff80fc11000 	C:\WINDOWS\System32\shlwapi.dll
0x00007ff80c520000 - 0x00007ff80c531000 	C:\WINDOWS\System32\kernel.appcore.dll
0x00007ff80c500000 - 0x00007ff80c51f000 	C:\WINDOWS\System32\profapi.dll
0x00007ff80c560000 - 0x00007ff80c5ac000 	C:\WINDOWS\System32\powrprof.dll
0x00007ff80c5b0000 - 0x00007ff80c5ba000 	C:\WINDOWS\System32\FLTLIB.DLL
0x00007ff805e70000 - 0x00007ff805e8a000 	C:\Program Files\Android\Android Studio\jre\jre\bin\net.dll
0x00007ff80bd20000 - 0x00007ff80bd86000 	C:\WINDOWS\system32\mswsock.dll
0x00007ff805e50000 - 0x00007ff805e61000 	C:\Program Files\Android\Android Studio\jre\jre\bin\nio.dll

VM Arguments:
java_command: org.jetbrains.kotlin.cli.jvm.K2JVMCompiler -Xadd-compiler-builtins -Xbuild-file=C:\Users\pepel\AppData\Local\Temp\kjps2886824887943000114app_debug.script.xml -classpath C:\Users\pepel\.gradle\caches\transforms-1\files-1.1\multidex-1.0.3.aar\9f2d91a34256a6662865c6f9d6b5733a\jars\classes.jar;C:\Users\pepel\.gradle\caches\modules-2\files-2.1\org.jetbrains.kotlin\kotlin-stdlib-jdk8\1.2.51\68faa6fb7e32a7665a6849f242bc621c3ed48101\kotlin-stdlib-jdk8-1.2.51.jar;C:\Users\pepel\.gradle\caches\transforms-1\files-1.1\facebook-android-sdk-4.38.1.aar\7812951ec58bfd60de609ad062d12eb6\jars\classes.jar;C:\Users\pepel\.gradle\caches\transforms-1\files-1.1\facebook-share-4.38.1.aar\41b763eb074f6238b55a5ce3c6dd19d5\jars\classes.jar;C:\Users\pepel\.gradle\caches\transforms-1\files-1.1\facebook-login-4.38.1.aar\d3eb1b4b7ef3b2dc5daa3ab1ede49d4a\jars\classes.jar;C:\Users\pepel\.gradle\caches\transforms-1\files-1.1\facebook-common-4.38.1.aar\63f33595808a57adc05184d3ef96d252\jars\classes.jar;C:\Users\pepel\.gradle\caches\transforms-1\files-1.1\appcompat-v7-28.0.0.aar\3d5f55acdd89ab12c798aa8320d57c27\jars\classes.jar;C:\Users\pepel\.gradle\caches\transforms-1\files-1.1\constraint-layout-1.1.1.aar\4b33c91282a4522b3ebd11a00256812b\jars\classes.jar;C:\Users\pepel\.gradle\caches\transforms-1\files-1.1\play-services-maps-11.4.2.aar\bec61ee5bef6a3ff8aa7d7ec0a7c2d65\jars\classes.jar;C:\Users\pepel\.gradle\caches\transforms-1\files-1.1\library-3.3.3.aar\6e8ce066196434bd92032ba54bd043d7\jars\classes.jar;C:\Users\pepel\.gradle\caches\transforms-1\files-1.1\play-services-location-11.4.2.aar\328a8ff35b51ae54c5e4e4bb1ab5f7a0\jars\classes.jar;C:\Users\pepel\.gradle\caches\transforms-1\files-1.1\play-services-base-11.4.2.aar\1697cacacbfc4a2a27aec1e5b139cce2\jars\classes.jar;C:\Users\pepel\.gradle\caches\transforms-1\files-1.1\play-services-tasks-11.4.2.aar\75ea441923250708724340f21390b292\jars\classes.jar;C:\Users\pepel\.gradle\caches\transforms-1\files-1.1\play-services-basement-11.4.2.aar
java_class_path (initial): C:\Users\pepel\.gradle\caches\modules-2\files-2.1\org.jetbrains.kotlin\kotlin-compiler-embeddable\1.2.51\205147cc6c2dcbe7d9d71125fe315b14b8a14be4\kotlin-compiler-embeddable-1.2.51.jar;C:\Users\pepel\.gradle\caches\modules-2\files-2.1\org.jetbrains.kotlin\kotlin-stdlib\1.2.51\fa8127e505bff50fec291d0dd619d1bda5c619e0\kotlin-stdlib-1.2.51.jar;C:\Users\pepel\.gradle\caches\modules-2\files-2.1\org.jetbrains.kotlin\kotlin-script-runtime\1.2.51\6f8ef6758f396b354e422c3e82d9cd14795fe0e2\kotlin-script-runtime-1.2.51.jar;C:\Users\pepel\.gradle\caches\modules-2\files-2.1\org.jetbrains.kotlin\kotlin-reflect\1.2.51\36b719a7b84452dd13eeec979d8c82bfb765c57d\kotlin-reflect-1.2.51.jar;C:\Users\pepel\.gradle\caches\modules-2\files-2.1\org.jetbrains.kotlin\kotlin-scripting-common\1.2.51\7861b42b7e5625df4a230d868476d4cda331be77\kotlin-scripting-common-1.2.51.jar;C:\Users\pepel\.gradle\caches\modules-2\files-2.1\org.jetbrains.kotlin\kotlin-scripting-jvm\1.2.51\f80afc81cf004fb572f8a09353960490ab6630c6\kotlin-scripting-jvm-1.2.51.jar;C:\Users\pepel\.gradle\caches\modules-2\files-2.1\org.jetbrains.kotlinx\kotlinx-coroutines-core\0.20\5f3fa9b5b2dc9cfc0d9358d5b2cab154d590a564\kotlinx-coroutines-core-0.20.jar;C:\Program Files\Android\Android Studio\jre\lib\tools.jar
Launcher Type: SUN_STANDARD

Environment Variables:
JAVA_HOME=C:\Program Files (x86)\Java\jdk1.8.0_181
USERNAME=pepel
OS=Windows_NT
PROCESSOR_IDENTIFIER=Intel64 Family 6 Model 142 Stepping 9, GenuineIntel



---------------  S Y S T E M  ---------------

OS: Windows 10.0 , 64 bit Build 17134 (10.0.17134.1)

CPU:total 4 (initial active 4) (2 cores per cpu, 2 threads per core) family 6 model 142 stepping 9, cmov, cx8, fxsr, mmx, sse, sse2, sse3, ssse3, sse4.1, sse4.2, popcnt, avx, avx2, aes, clmul, erms, 3dnowpref, lzcnt, ht, tsc, tscinvbit, bmi1, bmi2, adx

Memory: 4k page, physical 25079716k(4883496k free), swap 29175716k(4944k free)

vm_info: OpenJDK 64-Bit Server VM (25.152-b02) for windows-amd64 JRE (1.8.0_152-release-1024-b02), built by "builder" with MS VC++ 10.0 (VS2010)

time: Wed Nov 07 14:17:55 2018
elapsed time: 8 seconds (0d 0h 0m 8s)

