#
# There is insufficient memory for the Java Runtime Environment to continue.
# Native memory allocation (malloc) failed to allocate 379216 bytes for Chunk::new
# Possible reasons:
#   The system is out of physical RAM or swap space
#   In 32 bit mode, the process size limit was hit
# Possible solutions:
#   Reduce memory load on the system
#   Increase physical memory or swap space
#   Check if swap backing store is full
#   Use 64 bit Java on a 64 bit OS
#   Decrease Java heap size (-Xmx/-Xms)
#   Decrease number of Java threads
#   Decrease Java thread stack sizes (-Xss)
#   Set larger code cache with -XX:ReservedCodeCacheSize=
# This output file may be truncated or incomplete.
#
#  Out of Memory Error (allocation.cpp:390), pid=21964, tid=0x00000000000087b8
#
# JRE version: OpenJDK Runtime Environment (8.0_152-b02) (build 1.8.0_152-release-1024-b02)
# Java VM: OpenJDK 64-Bit Server VM (25.152-b02 mixed mode windows-amd64 compressed oops)
# Failed to write core dump. Minidumps are not enabled by default on client versions of Windows
#

---------------  T H R E A D  ---------------

Current thread (0x00000000162f4000):  JavaThread "C2 CompilerThread1" daemon [_thread_in_native, id=34744, stack(0x0000000017a50000,0x0000000017b50000)]

Stack: [0x0000000017a50000,0x0000000017b50000]
[error occurred during error reporting (printing stack bounds), id 0xc0000005]

Native frames: (J=compiled Java code, j=interpreted, Vv=VM code, C=native code)


Current CompileTask:
C2:  21297 7150   !   4       java.io.ObjectOutputStream::writeObject0 (619 bytes)


---------------  P R O C E S S  ---------------

Java Threads: ( => current thread )
  0x00000000196a6800 JavaThread "Task worker for ':' Thread 3" [_thread_in_vm, id=25040, stack(0x00000000230a0000,0x00000000231a0000)]
  0x00000000196a5800 JavaThread "Task worker for ':' Thread 2" [_thread_blocked, id=21960, stack(0x0000000022fa0000,0x00000000230a0000)]
  0x00000000196a4000 JavaThread "Task worker for ':'" [_thread_blocked, id=30148, stack(0x0000000022ea0000,0x0000000022fa0000)]
  0x00000000196aa000 JavaThread "Cache worker for Build Output Cleanup Cache (C:\work\tom-sparks\fof\.gradle\buildOutputCleanup)" [_thread_blocked, id=24124, stack(0x0000000022da0000,0x0000000022ea0000)]
  0x00000000196ab000 JavaThread "Cache worker for task history cache (C:\work\tom-sparks\fof\.gradle\4.4\taskHistory)" [_thread_blocked, id=5528, stack(0x0000000022ca0000,0x0000000022da0000)]
  0x00000000196a9800 JavaThread "Cache worker for file content cache (C:\work\tom-sparks\fof\.gradle\4.4\fileContent)" [_thread_blocked, id=21680, stack(0x0000000022ba0000,0x0000000022ca0000)]
  0x000000001cb67800 JavaThread "Memory manager" [_thread_blocked, id=23368, stack(0x0000000021a20000,0x0000000021b20000)]
  0x000000001cb67000 JavaThread "build operations Thread 4" [_thread_blocked, id=12104, stack(0x0000000021320000,0x0000000021420000)]
  0x000000001cb64800 JavaThread "build operations Thread 3" [_thread_blocked, id=38676, stack(0x0000000021220000,0x0000000021320000)]
  0x000000001cb66000 JavaThread "build operations Thread 2" [_thread_blocked, id=6380, stack(0x0000000021120000,0x0000000021220000)]
  0x000000001cb64000 JavaThread "build operations" [_thread_blocked, id=17116, stack(0x000000001fdf0000,0x000000001fef0000)]
  0x000000001cb6a000 JavaThread "Cache worker for Artifact transforms cache (C:\Users\pepel\.gradle\caches\transforms-1)" [_thread_blocked, id=11420, stack(0x000000001d140000,0x000000001d240000)]
  0x000000001b129000 JavaThread "Cache worker for file hash cache (C:\work\tom-sparks\fof\.gradle\4.4\fileHashes)" [_thread_blocked, id=18528, stack(0x000000001be70000,0x000000001bf70000)]
  0x000000001936d800 JavaThread "File lock request listener" [_thread_in_native, id=13880, stack(0x000000001ada0000,0x000000001aea0000)]
  0x000000001931c000 JavaThread "Cache worker for file hash cache (C:\Users\pepel\.gradle\caches\4.4\fileHashes)" [_thread_blocked, id=18684, stack(0x000000001aca0000,0x000000001ada0000)]
  0x00000000192a1800 JavaThread "Stdin handler" [_thread_blocked, id=31796, stack(0x000000001a9a0000,0x000000001aaa0000)]
  0x00000000192a0800 JavaThread "Asynchronous log dispatcher for DefaultDaemonConnection: socket connection from /127.0.0.1:64144 to /127.0.0.1:64145" [_thread_blocked, id=19524, stack(0x000000001a8a0000,0x000000001a9a0000)]
  0x000000001929f000 JavaThread "Daemon worker" [_thread_blocked, id=27260, stack(0x000000001a7a0000,0x000000001a8a0000)]
  0x000000001929e000 JavaThread "Cancel handler" [_thread_blocked, id=24120, stack(0x000000001a6a0000,0x000000001a7a0000)]
  0x0000000019243000 JavaThread "Handler for socket connection from /127.0.0.1:64144 to /127.0.0.1:64145" [_thread_in_native, id=32924, stack(0x000000001a3a0000,0x000000001a4a0000)]
  0x0000000019226800 JavaThread "Daemon" [_thread_blocked, id=40660, stack(0x000000001a2a0000,0x000000001a3a0000)]
  0x0000000019061000 JavaThread "Daemon periodic checks" [_thread_blocked, id=26164, stack(0x000000001a1a0000,0x000000001a2a0000)]
  0x000000001905c000 JavaThread "Incoming local TCP Connector on port 64144" [_thread_in_native, id=30296, stack(0x0000000019f60000,0x000000001a060000)]
  0x0000000017c7a800 JavaThread "Service Thread" daemon [_thread_blocked, id=17044, stack(0x0000000018050000,0x0000000018150000)]
  0x00000000162f9800 JavaThread "C1 CompilerThread2" daemon [_thread_blocked, id=35172, stack(0x0000000017b50000,0x0000000017c50000)]
=>0x00000000162f4000 JavaThread "C2 CompilerThread1" daemon [_thread_in_native, id=34744, stack(0x0000000017a50000,0x0000000017b50000)]
  0x00000000162f0000 JavaThread "C2 CompilerThread0" daemon [_thread_in_native, id=29876, stack(0x0000000017950000,0x0000000017a50000)]
  0x00000000162ee800 JavaThread "Attach Listener" daemon [_thread_blocked, id=21804, stack(0x0000000017850000,0x0000000017950000)]
  0x00000000162ed000 JavaThread "Signal Dispatcher" daemon [_thread_blocked, id=26940, stack(0x0000000017750000,0x0000000017850000)]
  0x00000000162de000 JavaThread "Finalizer" daemon [_thread_blocked, id=25180, stack(0x0000000017550000,0x0000000017650000)]
  0x0000000002972000 JavaThread "Reference Handler" daemon [_thread_blocked, id=18336, stack(0x0000000017450000,0x0000000017550000)]
  0x0000000002882800 JavaThread "main" [_thread_blocked, id=26820, stack(0x0000000002750000,0x0000000002850000)]

Other Threads:
  0x00000000162b5800 VMThread [stack: 0x0000000017350000,0x0000000017450000] [id=208]
  0x000000001634e800 WatcherThread [stack: 0x0000000018150000,0x0000000018250000] [id=2720]

VM state:not at safepoint (normal execution)

VM Mutex/Monitor currently owned by a thread: None

Heap:
 PSYoungGen      total 181248K, used 146843K [0x00000000e0000000, 0x00000000ed080000, 0x0000000100000000)
  eden space 166912K, 79% used [0x00000000e0000000,0x00000000e816d8f8,0x00000000ea300000)
  from space 14336K, 99% used [0x00000000eb500000,0x00000000ec2f9528,0x00000000ec300000)
  to   space 18432K, 0% used [0x00000000ea300000,0x00000000ea300000,0x00000000eb500000)
 ParOldGen       total 295424K, used 23294K [0x00000000a0000000, 0x00000000b2080000, 0x00000000e0000000)
  object space 295424K, 7% used [0x00000000a0000000,0x00000000a16bfa18,0x00000000b2080000)
 Metaspace       used 55859K, capacity 57640K, committed 57984K, reserved 1099776K
  class space    used 7553K, capacity 8009K, committed 8064K, reserved 1048576K

Card table byte_map: [0x0000000011d40000,0x0000000012050000] byte_map_base: 0x0000000011840000

Marking Bits: (ParMarkBitMap*) 0x0000000065564970
 Begin Bits: [0x0000000012650000, 0x0000000013e50000)
 End Bits:   [0x0000000013e50000, 0x0000000015650000)

Polling page: 0x0000000000920000

CodeCache: size=245760Kb used=21753Kb max_used=22507Kb free=224006Kb
 bounds [0x0000000002980000, 0x0000000003f90000, 0x0000000011980000]
 total_blobs=7281 nmethods=6512 adapters=682
 compilation: enabled

Compilation events (10 events):
Event: 21.264 Thread 0x00000000162f0000 7152       4       java.io.ObjectStreamClass::getObjFieldValues (10 bytes)
Event: 21.265 Thread 0x00000000162f9800 nmethod 7153 0x0000000002b97190 code [0x0000000002b97340, 0x0000000002b97a68]
Event: 21.266 Thread 0x00000000162f9800 7155       2       java.io.ObjectStreamClass::getPrimFieldValues (10 bytes)
Event: 21.266 Thread 0x00000000162f9800 nmethod 7155 0x0000000002f10210 code [0x0000000002f10380, 0x0000000002f104e8]
Event: 21.267 Thread 0x00000000162f9800 7156       2       java.io.ObjectOutputStream$BlockDataOutputStream::write (152 bytes)
Event: 21.267 Thread 0x00000000162f9800 nmethod 7156 0x0000000002d9f4d0 code [0x0000000002d9f680, 0x0000000002d9fb18]
Event: 21.267 Thread 0x00000000162f0000 nmethod 7152 0x0000000002bd4b90 code [0x0000000002bd4ce0, 0x0000000002bd4f18]
Event: 21.267 Thread 0x00000000162f0000 7154   !   4       java.io.ObjectOutputStream::defaultWriteFields (270 bytes)
Event: 21.273 Thread 0x00000000162f9800 7157       3       com.google.common.collect.Synchronized$SynchronizedListMultimap::delegate (8 bytes)
Event: 21.273 Thread 0x00000000162f9800 nmethod 7157 0x000000000322cad0 code [0x000000000322cc40, 0x000000000322d010]

GC Heap History (10 events):
Event: 8.528 GC heap before
{Heap before GC invocations=4 (full 1):
 PSYoungGen      total 114688K, used 98304K [0x00000000e0000000, 0x00000000ee000000, 0x0000000100000000)
  eden space 98304K, 100% used [0x00000000e0000000,0x00000000e6000000,0x00000000e6000000)
  from space 16384K, 0% used [0x00000000e7000000,0x00000000e7000000,0x00000000e8000000)
  to   space 16384K, 0% used [0x00000000e6000000,0x00000000e6000000,0x00000000e7000000)
 ParOldGen       total 174592K, used 11720K [0x00000000a0000000, 0x00000000aaa80000, 0x00000000e0000000)
  object space 174592K, 6% used [0x00000000a0000000,0x00000000a0b72320,0x00000000aaa80000)
 Metaspace       used 28245K, capacity 28836K, committed 29056K, reserved 1075200K
  class space    used 3944K, capacity 4125K, committed 4224K, reserved 1048576K
Event: 8.544 GC heap after
Heap after GC invocations=4 (full 1):
 PSYoungGen      total 114688K, used 10230K [0x00000000e0000000, 0x00000000e9e00000, 0x0000000100000000)
  eden space 98304K, 0% used [0x00000000e0000000,0x00000000e0000000,0x00000000e6000000)
  from space 16384K, 62% used [0x00000000e6000000,0x00000000e69fdb58,0x00000000e7000000)
  to   space 16384K, 0% used [0x00000000e8e00000,0x00000000e8e00000,0x00000000e9e00000)
 ParOldGen       total 174592K, used 11728K [0x00000000a0000000, 0x00000000aaa80000, 0x00000000e0000000)
  object space 174592K, 6% used [0x00000000a0000000,0x00000000a0b74320,0x00000000aaa80000)
 Metaspace       used 28245K, capacity 28836K, committed 29056K, reserved 1075200K
  class space    used 3944K, capacity 4125K, committed 4224K, reserved 1048576K
}
Event: 10.198 GC heap before
{Heap before GC invocations=5 (full 1):
 PSYoungGen      total 114688K, used 73064K [0x00000000e0000000, 0x00000000e9e00000, 0x0000000100000000)
  eden space 98304K, 63% used [0x00000000e0000000,0x00000000e3d5c650,0x00000000e6000000)
  from space 16384K, 62% used [0x00000000e6000000,0x00000000e69fdb58,0x00000000e7000000)
  to   space 16384K, 0% used [0x00000000e8e00000,0x00000000e8e00000,0x00000000e9e00000)
 ParOldGen       total 174592K, used 11728K [0x00000000a0000000, 0x00000000aaa80000, 0x00000000e0000000)
  object space 174592K, 6% used [0x00000000a0000000,0x00000000a0b74320,0x00000000aaa80000)
 Metaspace       used 34584K, capacity 35290K, committed 35416K, reserved 1079296K
  class space    used 4762K, capacity 5025K, committed 5120K, reserved 1048576K
Event: 10.212 GC heap after
Heap after GC invocations=5 (full 1):
 PSYoungGen      total 144384K, used 11772K [0x00000000e0000000, 0x00000000e9d80000, 0x0000000100000000)
  eden space 128512K, 0% used [0x00000000e0000000,0x00000000e0000000,0x00000000e7d80000)
  from space 15872K, 74% used [0x00000000e8e00000,0x00000000e997f068,0x00000000e9d80000)
  to   space 16384K, 0% used [0x00000000e7d80000,0x00000000e7d80000,0x00000000e8d80000)
 ParOldGen       total 174592K, used 11736K [0x00000000a0000000, 0x00000000aaa80000, 0x00000000e0000000)
  object space 174592K, 6% used [0x00000000a0000000,0x00000000a0b76320,0x00000000aaa80000)
 Metaspace       used 34584K, capacity 35290K, committed 35416K, reserved 1079296K
  class space    used 4762K, capacity 5025K, committed 5120K, reserved 1048576K
}
Event: 10.212 GC heap before
{Heap before GC invocations=6 (full 2):
 PSYoungGen      total 144384K, used 11772K [0x00000000e0000000, 0x00000000e9d80000, 0x0000000100000000)
  eden space 128512K, 0% used [0x00000000e0000000,0x00000000e0000000,0x00000000e7d80000)
  from space 15872K, 74% used [0x00000000e8e00000,0x00000000e997f068,0x00000000e9d80000)
  to   space 16384K, 0% used [0x00000000e7d80000,0x00000000e7d80000,0x00000000e8d80000)
 ParOldGen       total 174592K, used 11736K [0x00000000a0000000, 0x00000000aaa80000, 0x00000000e0000000)
  object space 174592K, 6% used [0x00000000a0000000,0x00000000a0b76320,0x00000000aaa80000)
 Metaspace       used 34584K, capacity 35290K, committed 35416K, reserved 1079296K
  class space    used 4762K, capacity 5025K, committed 5120K, reserved 1048576K
Event: 10.304 GC heap after
Heap after GC invocations=6 (full 2):
 PSYoungGen      total 144384K, used 0K [0x00000000e0000000, 0x00000000e9d80000, 0x0000000100000000)
  eden space 128512K, 0% used [0x00000000e0000000,0x00000000e0000000,0x00000000e7d80000)
  from space 15872K, 0% used [0x00000000e8e00000,0x00000000e8e00000,0x00000000e9d80000)
  to   space 16384K, 0% used [0x00000000e7d80000,0x00000000e7d80000,0x00000000e8d80000)
 ParOldGen       total 295424K, used 18298K [0x00000000a0000000, 0x00000000b2080000, 0x00000000e0000000)
  object space 295424K, 6% used [0x00000000a0000000,0x00000000a11de828,0x00000000b2080000)
 Metaspace       used 34584K, capacity 35290K, committed 35416K, reserved 1079296K
  class space    used 4762K, capacity 5025K, committed 5120K, reserved 1048576K
}
Event: 13.186 GC heap before
{Heap before GC invocations=7 (full 2):
 PSYoungGen      total 144384K, used 128512K [0x00000000e0000000, 0x00000000e9d80000, 0x0000000100000000)
  eden space 128512K, 100% used [0x00000000e0000000,0x00000000e7d80000,0x00000000e7d80000)
  from space 15872K, 0% used [0x00000000e8e00000,0x00000000e8e00000,0x00000000e9d80000)
  to   space 16384K, 0% used [0x00000000e7d80000,0x00000000e7d80000,0x00000000e8d80000)
 ParOldGen       total 295424K, used 18298K [0x00000000a0000000, 0x00000000b2080000, 0x00000000e0000000)
  object space 295424K, 6% used [0x00000000a0000000,0x00000000a11de828,0x00000000b2080000)
 Metaspace       used 42152K, capacity 43102K, committed 43264K, reserved 1087488K
  class space    used 5723K, capacity 6034K, committed 6144K, reserved 1048576K
Event: 13.230 GC heap after
Heap after GC invocations=7 (full 2):
 PSYoungGen      total 144896K, used 13670K [0x00000000e0000000, 0x00000000ec300000, 0x0000000100000000)
  eden space 128512K, 0% used [0x00000000e0000000,0x00000000e0000000,0x00000000e7d80000)
  from space 16384K, 83% used [0x00000000e7d80000,0x00000000e8ad9a80,0x00000000e8d80000)
  to   space 14336K, 0% used [0x00000000eb500000,0x00000000eb500000,0x00000000ec300000)
 ParOldGen       total 295424K, used 18306K [0x00000000a0000000, 0x00000000b2080000, 0x00000000e0000000)
  object space 295424K, 6% used [0x00000000a0000000,0x00000000a11e0828,0x00000000b2080000)
 Metaspace       used 42152K, capacity 43102K, committed 43264K, reserved 1087488K
  class space    used 5723K, capacity 6034K, committed 6144K, reserved 1048576K
}
Event: 17.004 GC heap before
{Heap before GC invocations=8 (full 2):
 PSYoungGen      total 144896K, used 142182K [0x00000000e0000000, 0x00000000ec300000, 0x0000000100000000)
  eden space 128512K, 100% used [0x00000000e0000000,0x00000000e7d80000,0x00000000e7d80000)
  from space 16384K, 83% used [0x00000000e7d80000,0x00000000e8ad9a80,0x00000000e8d80000)
  to   space 14336K, 0% used [0x00000000eb500000,0x00000000eb500000,0x00000000ec300000)
 ParOldGen       total 295424K, used 18306K [0x00000000a0000000, 0x00000000b2080000, 0x00000000e0000000)
  object space 295424K, 6% used [0x00000000a0000000,0x00000000a11e0828,0x00000000b2080000)
 Metaspace       used 52002K, capacity 53704K, committed 53888K, reserved 1095680K
  class space    used 7076K, capacity 7501K, committed 7552K, reserved 1048576K
Event: 17.079 GC heap after
Heap after GC invocations=8 (full 2):
 PSYoungGen      total 181248K, used 14309K [0x00000000e0000000, 0x00000000ed080000, 0x0000000100000000)
  eden space 166912K, 0% used [0x00000000e0000000,0x00000000e0000000,0x00000000ea300000)
  from space 14336K, 99% used [0x00000000eb500000,0x00000000ec2f9528,0x00000000ec300000)
  to   space 18432K, 0% used [0x00000000ea300000,0x00000000ea300000,0x00000000eb500000)
 ParOldGen       total 295424K, used 23294K [0x00000000a0000000, 0x00000000b2080000, 0x00000000e0000000)
  object space 295424K, 7% used [0x00000000a0000000,0x00000000a16bfa18,0x00000000b2080000)
 Metaspace       used 52002K, capacity 53704K, committed 53888K, reserved 1095680K
  class space    used 7076K, capacity 7501K, committed 7552K, reserved 1048576K
}

Deoptimization events (10 events):
Event: 20.592 Thread 0x00000000196a6800 Uncommon trap: reason=class_check action=maybe_recompile pc=0x0000000003ef9490 method=java.io.ObjectOutputStream$BlockDataOutputStream.write([BIIZ)V @ 23
Event: 20.592 Thread 0x00000000196a6800 Uncommon trap: reason=class_check action=maybe_recompile pc=0x0000000003ec4d48 method=java.io.ObjectOutputStream$BlockDataOutputStream.write([BIIZ)V @ 23
Event: 20.623 Thread 0x00000000196a6800 Uncommon trap: reason=unstable_if action=reinterpret pc=0x00000000035ea85c method=java.util.LinkedHashMap.afterNodeInsertion(Z)V @ 18
Event: 20.623 Thread 0x00000000196a6800 Uncommon trap: reason=bimorphic action=maybe_recompile pc=0x0000000003f071a8 method=java.util.HashMap.removeNode(ILjava/lang/Object;Ljava/lang/Object;ZZ)Ljava/util/HashMap$Node; @ 283
Event: 20.624 Thread 0x00000000196a6800 Uncommon trap: reason=bimorphic action=maybe_recompile pc=0x0000000003f071a8 method=java.util.HashMap.removeNode(ILjava/lang/Object;Ljava/lang/Object;ZZ)Ljava/util/HashMap$Node; @ 283
Event: 20.686 Thread 0x000000001cb67000 Uncommon trap: reason=unstable_if action=reinterpret pc=0x0000000002f7db38 method=java.util.concurrent.ConcurrentHashMap.addCount(JI)V @ 34
Event: 20.687 Thread 0x00000000196a6800 Uncommon trap: reason=unstable_if action=reinterpret pc=0x0000000003c2b378 method=java.util.concurrent.ConcurrentHashMap.addCount(JI)V @ 7
Event: 21.237 Thread 0x00000000196a6800 Uncommon trap: reason=class_check action=maybe_recompile pc=0x0000000003ef9490 method=java.io.ObjectOutputStream$BlockDataOutputStream.write([BIIZ)V @ 23
Event: 21.237 Thread 0x00000000196a6800 Uncommon trap: reason=class_check action=maybe_recompile pc=0x0000000003ec4d48 method=java.io.ObjectOutputStream$BlockDataOutputStream.write([BIIZ)V @ 23
Event: 21.237 Thread 0x00000000196a6800 Uncommon trap: reason=class_check action=maybe_recompile pc=0x0000000003ec3e30 method=java.io.ObjectOutputStream$BlockDataOutputStream.write([BIIZ)V @ 23

Classes redefined (0 events):
No events

Internal exceptions (10 events):
Event: 17.941 Thread 0x000000001929f000 Exception <a 'java/lang/ClassNotFoundException': org/codehaus/groovy/reflection/CachedMethodCustomizer> (0x00000000e17c0178) thrown at [D:\src\AOSP-openjdk-cygwin\jdk8u\hotspot\src\share\vm\classfile\systemDictionary.cpp, line 210]
Event: 17.943 Thread 0x000000001929f000 Implicit null exception at 0x00000000035aea5c to 0x00000000035af875
Event: 18.242 Thread 0x000000001929f000 Exception <a 'java/lang/NoSuchMethodError': <clinit>> (0x00000000e1ed2af0) thrown at [D:\src\AOSP-openjdk-cygwin\jdk8u\hotspot\src\share\vm\prims\jni.cpp, line 1613]
Event: 18.243 Thread 0x000000001929f000 Exception <a 'java/lang/NoSuchMethodError': <clinit>> (0x00000000e1ee16a0) thrown at [D:\src\AOSP-openjdk-cygwin\jdk8u\hotspot\src\share\vm\prims\jni.cpp, line 1613]
Event: 18.273 Thread 0x000000001929f000 Exception <a 'java/lang/NoSuchMethodError': <clinit>> (0x00000000e1f74210) thrown at [D:\src\AOSP-openjdk-cygwin\jdk8u\hotspot\src\share\vm\prims\jni.cpp, line 1613]
Event: 18.275 Thread 0x000000001929f000 Exception <a 'java/lang/NoSuchMethodError': <clinit>> (0x00000000e1f8ff10) thrown at [D:\src\AOSP-openjdk-cygwin\jdk8u\hotspot\src\share\vm\prims\jni.cpp, line 1613]
Event: 18.275 Thread 0x000000001929f000 Exception <a 'java/lang/NoSuchMethodError': <clinit>> (0x00000000e1f91d78) thrown at [D:\src\AOSP-openjdk-cygwin\jdk8u\hotspot\src\share\vm\prims\jni.cpp, line 1613]
Event: 18.322 Thread 0x00000000196a6800 Implicit null exception at 0x0000000002f65662 to 0x0000000002f65ba1
Event: 20.588 Thread 0x00000000196a6800 Exception <a 'java/lang/NoSuchMethodError': <clinit>> (0x00000000e621b530) thrown at [D:\src\AOSP-openjdk-cygwin\jdk8u\hotspot\src\share\vm\prims\jni.cpp, line 1613]
Event: 20.590 Thread 0x00000000196a6800 Exception <a 'java/lang/NoSuchMethodError': <clinit>> (0x00000000e6225590) thrown at [D:\src\AOSP-openjdk-cygwin\jdk8u\hotspot\src\share\vm\prims\jni.cpp, line 1613]

Events (10 events):
Event: 21.249 Thread 0x00000000162f9800 flushing nmethod 0x0000000003528010
Event: 21.249 Thread 0x00000000162f9800 flushing nmethod 0x000000000354c390
Event: 21.249 Thread 0x00000000162f9800 flushing nmethod 0x000000000354d4d0
Event: 21.249 Thread 0x00000000162f9800 flushing nmethod 0x0000000003551210
Event: 21.249 Thread 0x00000000162f9800 flushing nmethod 0x000000000356b9d0
Event: 21.250 Thread 0x00000000162f9800 flushing nmethod 0x00000000035ccad0
Event: 21.250 Thread 0x00000000162f9800 flushing nmethod 0x0000000003623e10
Event: 21.250 Thread 0x00000000162f9800 flushing nmethod 0x00000000036af510
Event: 21.250 Thread 0x00000000162f9800 flushing nmethod 0x00000000036b4e10
Event: 21.250 Thread 0x00000000162f9800 flushing nmethod 0x000000000374aa90


Dynamic libraries:
0x00007ff7f0f60000 - 0x00007ff7f0f91000 	C:\Program Files\Android\Android Studio\jre\bin\java.exe
0x00007ff8101f0000 - 0x00007ff8103d1000 	C:\WINDOWS\SYSTEM32\ntdll.dll
0x00007ff80e260000 - 0x00007ff80e312000 	C:\WINDOWS\System32\KERNEL32.DLL
0x00007ff80d1b0000 - 0x00007ff80d423000 	C:\WINDOWS\System32\KERNELBASE.dll
0x00007ff80e1b0000 - 0x00007ff80e251000 	C:\WINDOWS\System32\ADVAPI32.dll
0x00007ff80df20000 - 0x00007ff80dfbe000 	C:\WINDOWS\System32\msvcrt.dll
0x00007ff80fd60000 - 0x00007ff80fdbb000 	C:\WINDOWS\System32\sechost.dll
0x00007ff80fed0000 - 0x00007ff80fff4000 	C:\WINDOWS\System32\RPCRT4.dll
0x00007ff810030000 - 0x00007ff8101c0000 	C:\WINDOWS\System32\USER32.dll
0x00007ff80c640000 - 0x00007ff80c660000 	C:\WINDOWS\System32\win32u.dll
0x00007ff810000000 - 0x00007ff810028000 	C:\WINDOWS\System32\GDI32.dll
0x00007ff80cf10000 - 0x00007ff80d0a2000 	C:\WINDOWS\System32\gdi32full.dll
0x00007ff80ce70000 - 0x00007ff80cf0f000 	C:\WINDOWS\System32\msvcp_win.dll
0x00007ff80d0b0000 - 0x00007ff80d1aa000 	C:\WINDOWS\System32\ucrtbase.dll
0x00007ffff6690000 - 0x00007ffff68f9000 	C:\WINDOWS\WinSxS\amd64_microsoft.windows.common-controls_6595b64144ccf1df_6.0.17134.345_none_fb429a5930656358\COMCTL32.dll
0x00007ff80e330000 - 0x00007ff80e653000 	C:\WINDOWS\System32\combase.dll
0x00007ff80c5c0000 - 0x00007ff80c63a000 	C:\WINDOWS\System32\bcryptPrimitives.dll
0x00007ff80fc20000 - 0x00007ff80fc4d000 	C:\WINDOWS\System32\IMM32.DLL
0x00000000666f0000 - 0x00000000667c2000 	C:\Program Files\Android\Android Studio\jre\jre\bin\msvcr100.dll
0x0000000064da0000 - 0x00000000655df000 	C:\Program Files\Android\Android Studio\jre\jre\bin\server\jvm.dll
0x00007ff80e020000 - 0x00007ff80e028000 	C:\WINDOWS\System32\PSAPI.DLL
0x00007ffffd180000 - 0x00007ffffd189000 	C:\WINDOWS\SYSTEM32\WSOCK32.dll
0x00007ff80fdc0000 - 0x00007ff80fe2c000 	C:\WINDOWS\System32\WS2_32.dll
0x00007ff808740000 - 0x00007ff808763000 	C:\WINDOWS\SYSTEM32\WINMM.dll
0x00007ffffca20000 - 0x00007ffffca2a000 	C:\WINDOWS\SYSTEM32\VERSION.dll
0x00007ff808710000 - 0x00007ff80873a000 	C:\WINDOWS\SYSTEM32\WINMMBASE.dll
0x00007ff80cd70000 - 0x00007ff80cdb9000 	C:\WINDOWS\System32\cfgmgr32.dll
0x00007ff8060f0000 - 0x00007ff8060ff000 	C:\Program Files\Android\Android Studio\jre\jre\bin\verify.dll
0x00007ff805eb0000 - 0x00007ff805ed9000 	C:\Program Files\Android\Android Studio\jre\jre\bin\java.dll
0x00007ff805e90000 - 0x00007ff805ea6000 	C:\Program Files\Android\Android Studio\jre\jre\bin\zip.dll
0x00007ff80e660000 - 0x00007ff80fa9f000 	C:\WINDOWS\System32\SHELL32.dll
0x00007ff80fcb0000 - 0x00007ff80fd59000 	C:\WINDOWS\System32\shcore.dll
0x00007ff80c660000 - 0x00007ff80cd6d000 	C:\WINDOWS\System32\windows.storage.dll
0x00007ff80fbc0000 - 0x00007ff80fc11000 	C:\WINDOWS\System32\shlwapi.dll
0x00007ff80c520000 - 0x00007ff80c531000 	C:\WINDOWS\System32\kernel.appcore.dll
0x00007ff80c500000 - 0x00007ff80c51f000 	C:\WINDOWS\System32\profapi.dll
0x00007ff80c560000 - 0x00007ff80c5ac000 	C:\WINDOWS\System32\powrprof.dll
0x00007ff80c5b0000 - 0x00007ff80c5ba000 	C:\WINDOWS\System32\FLTLIB.DLL
0x00007ff805e70000 - 0x00007ff805e8a000 	C:\Program Files\Android\Android Studio\jre\jre\bin\net.dll
0x00007ff80bd20000 - 0x00007ff80bd86000 	C:\WINDOWS\system32\mswsock.dll
0x00007ff805e50000 - 0x00007ff805e61000 	C:\Program Files\Android\Android Studio\jre\jre\bin\nio.dll
0x00007ff808490000 - 0x00007ff8084ae000 	C:\Users\pepel\.gradle\native\25\windows-amd64\native-platform.dll
0x00007ff806630000 - 0x00007ff80663d000 	C:\Program Files\Android\Android Studio\jre\jre\bin\management.dll
0x00007ff80bed0000 - 0x00007ff80bee7000 	C:\WINDOWS\SYSTEM32\CRYPTSP.dll
0x00007ff80b900000 - 0x00007ff80b933000 	C:\WINDOWS\system32\rsaenh.dll
0x00007ff80c000000 - 0x00007ff80c025000 	C:\WINDOWS\SYSTEM32\bcrypt.dll
0x00007ff80c400000 - 0x00007ff80c428000 	C:\WINDOWS\SYSTEM32\USERENV.dll
0x00007ff80bef0000 - 0x00007ff80befb000 	C:\WINDOWS\SYSTEM32\CRYPTBASE.dll
0x00007ff80baa0000 - 0x00007ff80bad8000 	C:\WINDOWS\SYSTEM32\IPHLPAPI.DLL
0x00007ff80e320000 - 0x00007ff80e328000 	C:\WINDOWS\System32\NSI.dll
0x00007ff803070000 - 0x00007ff803086000 	C:\WINDOWS\SYSTEM32\dhcpcsvc6.DLL
0x00007ff802fa0000 - 0x00007ff802fba000 	C:\WINDOWS\SYSTEM32\dhcpcsvc.DLL

VM Arguments:
jvm_args: -Xmx1536m -Dfile.encoding=windows-1251 -Duser.country=RU -Duser.language=ru -Duser.variant 
java_command: org.gradle.launcher.daemon.bootstrap.GradleDaemon 4.4
java_class_path (initial): C:\Users\pepel\.gradle\wrapper\dists\gradle-4.4-all\9br9xq1tocpiv8o6njlyu5op1\gradle-4.4\lib\gradle-launcher-4.4.jar
Launcher Type: SUN_STANDARD

Environment Variables:
JAVA_HOME=C:\Program Files (x86)\Java\jdk1.8.0_181
USERNAME=pepel
OS=Windows_NT
PROCESSOR_IDENTIFIER=Intel64 Family 6 Model 142 Stepping 9, GenuineIntel



---------------  S Y S T E M  ---------------

OS: Windows 10.0 , 64 bit Build 17134 (10.0.17134.1)

CPU:total 4 (initial active 4) (2 cores per cpu, 2 threads per core) family 6 model 142 stepping 9, cmov, cx8, fxsr, mmx, sse, sse2, sse3, ssse3, sse4.1, sse4.2, popcnt, avx, avx2, aes, clmul, erms, 3dnowpref, lzcnt, ht, tsc, tscinvbit, bmi1, bmi2, adx

Memory: 4k page, physical 25079716k(4880424k free), swap 29175716k(3332k free)

vm_info: OpenJDK 64-Bit Server VM (25.152-b02) for windows-amd64 JRE (1.8.0_152-release-1024-b02), built by "builder" with MS VC++ 10.0 (VS2010)

time: Wed Nov 07 14:24:15 2018
elapsed time: 21 seconds (0d 0h 0m 21s)

