#
# There is insufficient memory for the Java Runtime Environment to continue.
# Native memory allocation (malloc) failed to allocate 496336 bytes for Chunk::new
# Possible reasons:
#   The system is out of physical RAM or swap space
#   In 32 bit mode, the process size limit was hit
# Possible solutions:
#   Reduce memory load on the system
#   Increase physical memory or swap space
#   Check if swap backing store is full
#   Use 64 bit Java on a 64 bit OS
#   Decrease Java heap size (-Xmx/-Xms)
#   Decrease number of Java threads
#   Decrease Java thread stack sizes (-Xss)
#   Set larger code cache with -XX:ReservedCodeCacheSize=
# This output file may be truncated or incomplete.
#
#  Out of Memory Error (allocation.cpp:390), pid=12164, tid=0x000000000000489c
#
# JRE version: OpenJDK Runtime Environment (8.0_152-b02) (build 1.8.0_152-release-1024-b02)
# Java VM: OpenJDK 64-Bit Server VM (25.152-b02 mixed mode windows-amd64 compressed oops)
# Failed to write core dump. Minidumps are not enabled by default on client versions of Windows
#

---------------  T H R E A D  ---------------

Current thread (0x0000000020faa800):  JavaThread "C2 CompilerThread1" daemon [_thread_in_native, id=18588, stack(0x0000000022700000,0x0000000022800000)]

Stack: [0x0000000022700000,0x0000000022800000]
[error occurred during error reporting (printing stack bounds), id 0xc0000005]

Native frames: (J=compiled Java code, j=interpreted, Vv=VM code, C=native code)


Current CompileTask:
C2:   7056 5470       4       org.jetbrains.kotlin.load.java.structure.impl.classFiles.BinaryJavaClass::visitMethod (239 bytes)


---------------  P R O C E S S  ---------------

Java Threads: ( => current thread )
  0x0000000020ffc000 JavaThread "Service Thread" daemon [_thread_blocked, id=17876, stack(0x0000000022d00000,0x0000000022e00000)]
  0x0000000020fae800 JavaThread "C1 CompilerThread2" daemon [_thread_in_native, id=17748, stack(0x0000000022800000,0x0000000022900000)]
=>0x0000000020faa800 JavaThread "C2 CompilerThread1" daemon [_thread_in_native, id=18588, stack(0x0000000022700000,0x0000000022800000)]
  0x0000000020fa6800 JavaThread "C2 CompilerThread0" daemon [_thread_in_native, id=23584, stack(0x0000000022600000,0x0000000022700000)]
  0x0000000020fa5000 JavaThread "Attach Listener" daemon [_thread_blocked, id=14072, stack(0x0000000022500000,0x0000000022600000)]
  0x0000000020fa4000 JavaThread "Signal Dispatcher" daemon [_thread_blocked, id=29760, stack(0x0000000022400000,0x0000000022500000)]
  0x0000000002e5d800 JavaThread "Finalizer" daemon [_thread_blocked, id=36948, stack(0x0000000022200000,0x0000000022300000)]
  0x0000000002e59800 JavaThread "Reference Handler" daemon [_thread_blocked, id=9896, stack(0x0000000022100000,0x0000000022200000)]
  0x0000000002d69000 JavaThread "main" [_thread_in_Java, id=11184, stack(0x0000000002c60000,0x0000000002d60000)]

Other Threads:
  0x0000000020f65000 VMThread [stack: 0x0000000022000000,0x0000000022100000] [id=9700]
  0x0000000020ffd000 WatcherThread [stack: 0x0000000022e00000,0x0000000022f00000] [id=33304]

VM state:not at safepoint (normal execution)

VM Mutex/Monitor currently owned by a thread: None

Heap:
 PSYoungGen      total 114688K, used 17857K [0x0000000740700000, 0x000000074a780000, 0x00000007c0000000)
  eden space 98304K, 2% used [0x0000000740700000,0x0000000740948f90,0x0000000746700000)
  from space 16384K, 94% used [0x0000000747700000,0x0000000748627580,0x0000000748700000)
  to   space 16384K, 0% used [0x0000000746700000,0x0000000746700000,0x0000000747700000)
 ParOldGen       total 190976K, used 24593K [0x0000000641400000, 0x000000064ce80000, 0x0000000740700000)
  object space 190976K, 12% used [0x0000000641400000,0x0000000642c045e0,0x000000064ce80000)
 Metaspace       used 38297K, capacity 38920K, committed 39128K, reserved 1083392K
  class space    used 4626K, capacity 4785K, committed 4864K, reserved 1048576K

Card table byte_map: [0x0000000012220000,0x0000000012e20000] byte_map_base: 0x000000000f016000

Marking Bits: (ParMarkBitMap*) 0x0000000065564970
 Begin Bits: [0x0000000013a20000, 0x00000000199d0000)
 End Bits:   [0x00000000199d0000, 0x000000001f980000)

Polling page: 0x00000000011f0000

CodeCache: size=245760Kb used=17472Kb max_used=17472Kb free=228287Kb
 bounds [0x0000000002e60000, 0x0000000003f80000, 0x0000000011e60000]
 total_blobs=5870 nmethods=5439 adapters=343
 compilation: enabled

Compilation events (10 events):
Event: 6.975 Thread 0x0000000020fae800 nmethod 5487 0x0000000003f72490 code [0x0000000003f725e0, 0x0000000003f72730]
Event: 6.977 Thread 0x0000000020fae800 5488       3       kotlin.collections.ArraysKt___ArraysKt::map (77 bytes)
Event: 6.977 Thread 0x0000000020fae800 nmethod 5488 0x0000000003f727d0 code [0x0000000003f729e0, 0x0000000003f733a8]
Event: 6.980 Thread 0x0000000020fae800 5489       3       org.jetbrains.kotlin.utils.SmartSet::add (231 bytes)
Event: 7.007 Thread 0x0000000020fae800 nmethod 5489 0x0000000003f739d0 code [0x0000000003f73e00, 0x0000000003f76b88]
Event: 7.007 Thread 0x0000000020fae800 5490       3       org.jetbrains.kotlin.types.checker.TypeCheckingProcedure::equalTypes (353 bytes)
Event: 7.009 Thread 0x0000000020fae800 nmethod 5490 0x0000000003f78050 code [0x0000000003f78560, 0x0000000003f7b318]
Event: 7.009 Thread 0x0000000020fae800 5491       3       org.jetbrains.kotlin.types.TypeSubstitutor::assertRecursionDepth (51 bytes)
Event: 7.010 Thread 0x0000000020fae800 nmethod 5491 0x0000000003f7c6d0 code [0x0000000003f7c900, 0x0000000003f7d3d8]
Event: 7.052 Thread 0x0000000020fae800 5493       3       kotlin.text.StringsKt__StringsKt::startsWith (61 bytes)

GC Heap History (10 events):
Event: 1.651 GC heap before
{Heap before GC invocations=2 (full 1):
 PSYoungGen      total 114688K, used 16359K [0x0000000740700000, 0x0000000748700000, 0x00000007c0000000)
  eden space 98304K, 0% used [0x0000000740700000,0x0000000740700000,0x0000000746700000)
  from space 16384K, 99% used [0x0000000746700000,0x00000007476f9e80,0x0000000747700000)
  to   space 16384K, 0% used [0x0000000747700000,0x0000000747700000,0x0000000748700000)
 ParOldGen       total 262144K, used 2440K [0x0000000641400000, 0x0000000651400000, 0x0000000740700000)
  object space 262144K, 0% used [0x0000000641400000,0x0000000641662260,0x0000000651400000)
 Metaspace       used 20682K, capacity 20999K, committed 21248K, reserved 1067008K
  class space    used 2618K, capacity 2732K, committed 2816K, reserved 1048576K
Event: 1.690 GC heap after
Heap after GC invocations=2 (full 1):
 PSYoungGen      total 114688K, used 0K [0x0000000740700000, 0x0000000748700000, 0x00000007c0000000)
  eden space 98304K, 0% used [0x0000000740700000,0x0000000740700000,0x0000000746700000)
  from space 16384K, 0% used [0x0000000746700000,0x0000000746700000,0x0000000747700000)
  to   space 16384K, 0% used [0x0000000747700000,0x0000000747700000,0x0000000748700000)
 ParOldGen       total 190976K, used 17762K [0x0000000641400000, 0x000000064ce80000, 0x0000000740700000)
  object space 190976K, 9% used [0x0000000641400000,0x0000000642558a78,0x000000064ce80000)
 Metaspace       used 20682K, capacity 20999K, committed 21248K, reserved 1067008K
  class space    used 2618K, capacity 2732K, committed 2816K, reserved 1048576K
}
Event: 4.476 GC heap before
{Heap before GC invocations=3 (full 1):
 PSYoungGen      total 114688K, used 98304K [0x0000000740700000, 0x0000000748700000, 0x00000007c0000000)
  eden space 98304K, 100% used [0x0000000740700000,0x0000000746700000,0x0000000746700000)
  from space 16384K, 0% used [0x0000000746700000,0x0000000746700000,0x0000000747700000)
  to   space 16384K, 0% used [0x0000000747700000,0x0000000747700000,0x0000000748700000)
 ParOldGen       total 190976K, used 17762K [0x0000000641400000, 0x000000064ce80000, 0x0000000740700000)
  object space 190976K, 9% used [0x0000000641400000,0x0000000642558a78,0x000000064ce80000)
 Metaspace       used 32524K, capacity 33042K, committed 33408K, reserved 1079296K
  class space    used 3999K, capacity 4162K, committed 4224K, reserved 1048576K
Event: 4.502 GC heap after
Heap after GC invocations=3 (full 1):
 PSYoungGen      total 114688K, used 16354K [0x0000000740700000, 0x0000000748700000, 0x00000007c0000000)
  eden space 98304K, 0% used [0x0000000740700000,0x0000000740700000,0x0000000746700000)
  from space 16384K, 99% used [0x0000000747700000,0x00000007486f88a0,0x0000000748700000)
  to   space 16384K, 0% used [0x0000000746700000,0x0000000746700000,0x0000000747700000)
 ParOldGen       total 190976K, used 25125K [0x0000000641400000, 0x000000064ce80000, 0x0000000740700000)
  object space 190976K, 13% used [0x0000000641400000,0x0000000642c89428,0x000000064ce80000)
 Metaspace       used 32524K, capacity 33042K, committed 33408K, reserved 1079296K
  class space    used 3999K, capacity 4162K, committed 4224K, reserved 1048576K
}
Event: 5.088 GC heap before
{Heap before GC invocations=4 (full 1):
 PSYoungGen      total 114688K, used 45696K [0x0000000740700000, 0x0000000748700000, 0x00000007c0000000)
  eden space 98304K, 29% used [0x0000000740700000,0x00000007423a7a70,0x0000000746700000)
  from space 16384K, 99% used [0x0000000747700000,0x00000007486f88a0,0x0000000748700000)
  to   space 16384K, 0% used [0x0000000746700000,0x0000000746700000,0x0000000747700000)
 ParOldGen       total 190976K, used 25125K [0x0000000641400000, 0x000000064ce80000, 0x0000000740700000)
  object space 190976K, 13% used [0x0000000641400000,0x0000000642c89428,0x000000064ce80000)
 Metaspace       used 34653K, capacity 35160K, committed 35416K, reserved 1081344K
  class space    used 4265K, capacity 4433K, committed 4480K, reserved 1048576K
Event: 5.103 GC heap after
Heap after GC invocations=4 (full 1):
 PSYoungGen      total 114688K, used 16379K [0x0000000740700000, 0x0000000748700000, 0x00000007c0000000)
  eden space 98304K, 0% used [0x0000000740700000,0x0000000740700000,0x0000000746700000)
  from space 16384K, 99% used [0x0000000746700000,0x00000007476fed28,0x0000000747700000)
  to   space 16384K, 0% used [0x0000000747700000,0x0000000747700000,0x0000000748700000)
 ParOldGen       total 190976K, used 26301K [0x0000000641400000, 0x000000064ce80000, 0x0000000740700000)
  object space 190976K, 13% used [0x0000000641400000,0x0000000642daf7f8,0x000000064ce80000)
 Metaspace       used 34653K, capacity 35160K, committed 35416K, reserved 1081344K
  class space    used 4265K, capacity 4433K, committed 4480K, reserved 1048576K
}
Event: 5.103 GC heap before
{Heap before GC invocations=5 (full 2):
 PSYoungGen      total 114688K, used 16379K [0x0000000740700000, 0x0000000748700000, 0x00000007c0000000)
  eden space 98304K, 0% used [0x0000000740700000,0x0000000740700000,0x0000000746700000)
  from space 16384K, 99% used [0x0000000746700000,0x00000007476fed28,0x0000000747700000)
  to   space 16384K, 0% used [0x0000000747700000,0x0000000747700000,0x0000000748700000)
 ParOldGen       total 190976K, used 26301K [0x0000000641400000, 0x000000064ce80000, 0x0000000740700000)
  object space 190976K, 13% used [0x0000000641400000,0x0000000642daf7f8,0x000000064ce80000)
 Metaspace       used 34653K, capacity 35160K, committed 35416K, reserved 1081344K
  class space    used 4265K, capacity 4433K, committed 4480K, reserved 1048576K
Event: 5.209 GC heap after
Heap after GC invocations=5 (full 2):
 PSYoungGen      total 114688K, used 0K [0x0000000740700000, 0x0000000748700000, 0x00000007c0000000)
  eden space 98304K, 0% used [0x0000000740700000,0x0000000740700000,0x0000000746700000)
  from space 16384K, 0% used [0x0000000746700000,0x0000000746700000,0x0000000747700000)
  to   space 16384K, 0% used [0x0000000747700000,0x0000000747700000,0x0000000748700000)
 ParOldGen       total 190976K, used 24585K [0x0000000641400000, 0x000000064ce80000, 0x0000000740700000)
  object space 190976K, 12% used [0x0000000641400000,0x0000000642c025e0,0x000000064ce80000)
 Metaspace       used 34653K, capacity 35160K, committed 35416K, reserved 1081344K
  class space    used 4265K, capacity 4433K, committed 4480K, reserved 1048576K
}
Event: 6.981 GC heap before
{Heap before GC invocations=6 (full 2):
 PSYoungGen      total 114688K, used 98304K [0x0000000740700000, 0x0000000748700000, 0x00000007c0000000)
  eden space 98304K, 100% used [0x0000000740700000,0x0000000746700000,0x0000000746700000)
  from space 16384K, 0% used [0x0000000746700000,0x0000000746700000,0x0000000747700000)
  to   space 16384K, 0% used [0x0000000747700000,0x0000000747700000,0x0000000748700000)
 ParOldGen       total 190976K, used 24585K [0x0000000641400000, 0x000000064ce80000, 0x0000000740700000)
  object space 190976K, 12% used [0x0000000641400000,0x0000000642c025e0,0x000000064ce80000)
 Metaspace       used 38291K, capacity 38856K, committed 39128K, reserved 1083392K
  class space    used 4626K, capacity 4785K, committed 4864K, reserved 1048576K
Event: 7.005 GC heap after
Heap after GC invocations=6 (full 2):
 PSYoungGen      total 114688K, used 15517K [0x0000000740700000, 0x000000074a780000, 0x00000007c0000000)
  eden space 98304K, 0% used [0x0000000740700000,0x0000000740700000,0x0000000746700000)
  from space 16384K, 94% used [0x0000000747700000,0x0000000748627580,0x0000000748700000)
  to   space 16384K, 0% used [0x0000000746700000,0x0000000746700000,0x0000000747700000)
 ParOldGen       total 190976K, used 24593K [0x0000000641400000, 0x000000064ce80000, 0x0000000740700000)
  object space 190976K, 12% used [0x0000000641400000,0x0000000642c045e0,0x000000064ce80000)
 Metaspace       used 38291K, capacity 38856K, committed 39128K, reserved 1083392K
  class space    used 4626K, capacity 4785K, committed 4864K, reserved 1048576K
}

Deoptimization events (10 events):
Event: 5.823 Thread 0x0000000002d69000 Uncommon trap: reason=unstable_if action=reinterpret pc=0x0000000003adb9c0 method=org.jetbrains.kotlin.metadata.ProtoBuf$Type.getSerializedSize()I @ 176
Event: 5.823 Thread 0x0000000002d69000 Uncommon trap: reason=unstable_if action=reinterpret pc=0x0000000003b29ecc method=org.jetbrains.kotlin.metadata.ProtoBuf$Type.writeTo(Lorg/jetbrains/kotlin/protobuf/CodedOutputStream;)V @ 160
Event: 6.143 Thread 0x0000000002d69000 Uncommon trap: reason=null_check action=make_not_entrant pc=0x0000000003c63548 method=org.jetbrains.kotlin.storage.LockBasedStorageManager$LockBasedLazyValue.invoke()Ljava/lang/Object; @ 6
Event: 6.143 Thread 0x0000000002d69000 Uncommon trap: reason=null_check action=make_not_entrant pc=0x00000000039bc9f8 method=org.jetbrains.kotlin.utils.WrappedValues.unescapeThrowable(Ljava/lang/Object;)Ljava/lang/Object; @ 1
Event: 6.327 Thread 0x0000000002d69000 Uncommon trap: reason=class_check action=maybe_recompile pc=0x0000000003b482e8 method=org.jetbrains.kotlin.storage.LockBasedStorageManager$LockBasedLazyValue.invoke()Ljava/lang/Object; @ 24
Event: 6.327 Thread 0x0000000002d69000 Uncommon trap: reason=class_check action=maybe_recompile pc=0x0000000003b482e8 method=org.jetbrains.kotlin.storage.LockBasedStorageManager$LockBasedLazyValue.invoke()Ljava/lang/Object; @ 24
Event: 6.359 Thread 0x0000000002d69000 Uncommon trap: reason=class_check action=maybe_recompile pc=0x0000000003b482e8 method=org.jetbrains.kotlin.storage.LockBasedStorageManager$LockBasedLazyValue.invoke()Ljava/lang/Object; @ 24
Event: 6.359 Thread 0x0000000002d69000 Uncommon trap: reason=class_check action=maybe_recompile pc=0x0000000003b482e8 method=org.jetbrains.kotlin.storage.LockBasedStorageManager$LockBasedLazyValue.invoke()Ljava/lang/Object; @ 24
Event: 6.592 Thread 0x0000000002d69000 Uncommon trap: reason=unstable_if action=reinterpret pc=0x0000000003ddd5d4 method=org.jetbrains.org.objectweb.asm.ClassReader.<init>([BII)V @ 19
Event: 6.609 Thread 0x0000000002d69000 Uncommon trap: reason=unstable_if action=reinterpret pc=0x00000000039f0450 method=org.jetbrains.org.objectweb.asm.Type.getType([CI)Lorg/jetbrains/org/objectweb/asm/Type; @ 165

Classes redefined (0 events):
No events

Internal exceptions (10 events):
Event: 3.368 Thread 0x0000000002d69000 Exception <a 'java/lang/NoSuchMethodError': java.lang.Object.lambda$static$0(I)[Lorg/jetbrains/kotlin/psi/KtExpression;> (0x0000000744d881a0) thrown at [D:\src\AOSP-openjdk-cygwin\jdk8u\hotspot\src\share\vm\interpreter\linkResolver.cpp, line 584]
Event: 3.555 Thread 0x0000000002d69000 Implicit null exception at 0x0000000003652f08 to 0x0000000003653e55
Event: 3.779 Thread 0x0000000002d69000 Implicit null exception at 0x000000000359914c to 0x00000000035991fd
Event: 3.977 Thread 0x0000000002d69000 Exception <a 'java/lang/NoSuchMethodError': java.lang.Object.lambda$static$0(I)[Lorg/jetbrains/kotlin/psi/KtDeclaration;> (0x00000007458eedf8) thrown at [D:\src\AOSP-openjdk-cygwin\jdk8u\hotspot\src\share\vm\interpreter\linkResolver.cpp, line 584]
Event: 3.987 Thread 0x0000000002d69000 Exception <a 'java/lang/NoSuchMethodError': java.lang.Object.lambda$static$0(I)[Lorg/jetbrains/kotlin/com/intellij/psi/PsiElement;> (0x00000007458fbaa8) thrown at [D:\src\AOSP-openjdk-cygwin\jdk8u\hotspot\src\share\vm\interpreter\linkResolver.cpp, line 58
Event: 4.093 Thread 0x0000000002d69000 Exception <a 'java/lang/NoSuchMethodError': java.lang.Object.lambda$static$0(I)[Lorg/jetbrains/kotlin/psi/KtTypeElement;> (0x0000000745ac2d38) thrown at [D:\src\AOSP-openjdk-cygwin\jdk8u\hotspot\src\share\vm\interpreter\linkResolver.cpp, line 584]
Event: 4.292 Thread 0x0000000002d69000 Implicit null exception at 0x0000000003676014 to 0x00000000036761f4
Event: 4.637 Thread 0x0000000002d69000 Exception <a 'java/lang/NoSuchMethodError': java.lang.Object.lambda$static$0(I)[Lorg/jetbrains/kotlin/com/intellij/psi/PsiClass;> (0x0000000740d93ad8) thrown at [D:\src\AOSP-openjdk-cygwin\jdk8u\hotspot\src\share\vm\interpreter\linkResolver.cpp, line 584]
Event: 6.143 Thread 0x0000000002d69000 Implicit null exception at 0x0000000003c63214 to 0x0000000003c63539
Event: 6.143 Thread 0x0000000002d69000 Implicit null exception at 0x00000000039bc9af to 0x00000000039bc9ed

Events (10 events):
Event: 7.007 Executing VM operation: RevokeBias
Event: 7.007 Executing VM operation: RevokeBias done
Event: 7.007 Executing VM operation: RevokeBias
Event: 7.007 Executing VM operation: RevokeBias done
Event: 7.008 Executing VM operation: RevokeBias
Event: 7.008 Executing VM operation: RevokeBias done
Event: 7.010 Executing VM operation: RevokeBias
Event: 7.010 Executing VM operation: RevokeBias done
Event: 7.010 Executing VM operation: RevokeBias
Event: 7.010 Executing VM operation: RevokeBias done


Dynamic libraries:
0x00007ff6e20e0000 - 0x00007ff6e2111000 	C:\Program Files\Android\Android Studio\jre\jre\bin\java.exe
0x00007ff8101f0000 - 0x00007ff8103d1000 	C:\WINDOWS\SYSTEM32\ntdll.dll
0x00007ff80e260000 - 0x00007ff80e312000 	C:\WINDOWS\System32\KERNEL32.DLL
0x00007ff80d1b0000 - 0x00007ff80d423000 	C:\WINDOWS\System32\KERNELBASE.dll
0x00007ff80e1b0000 - 0x00007ff80e251000 	C:\WINDOWS\System32\ADVAPI32.dll
0x00007ff80df20000 - 0x00007ff80dfbe000 	C:\WINDOWS\System32\msvcrt.dll
0x00007ff80fd60000 - 0x00007ff80fdbb000 	C:\WINDOWS\System32\sechost.dll
0x00007ff80fed0000 - 0x00007ff80fff4000 	C:\WINDOWS\System32\RPCRT4.dll
0x00007ff810030000 - 0x00007ff8101c0000 	C:\WINDOWS\System32\USER32.dll
0x00007ff80c640000 - 0x00007ff80c660000 	C:\WINDOWS\System32\win32u.dll
0x00007ff810000000 - 0x00007ff810028000 	C:\WINDOWS\System32\GDI32.dll
0x00007ff80cf10000 - 0x00007ff80d0a2000 	C:\WINDOWS\System32\gdi32full.dll
0x00007ff80ce70000 - 0x00007ff80cf0f000 	C:\WINDOWS\System32\msvcp_win.dll
0x00007ff80d0b0000 - 0x00007ff80d1aa000 	C:\WINDOWS\System32\ucrtbase.dll
0x00007ffff6690000 - 0x00007ffff68f9000 	C:\WINDOWS\WinSxS\amd64_microsoft.windows.common-controls_6595b64144ccf1df_6.0.17134.345_none_fb429a5930656358\COMCTL32.dll
0x00007ff80e330000 - 0x00007ff80e653000 	C:\WINDOWS\System32\combase.dll
0x00007ff80c5c0000 - 0x00007ff80c63a000 	C:\WINDOWS\System32\bcryptPrimitives.dll
0x00007ff80fc20000 - 0x00007ff80fc4d000 	C:\WINDOWS\System32\IMM32.DLL
0x00000000666f0000 - 0x00000000667c2000 	C:\Program Files\Android\Android Studio\jre\jre\bin\msvcr100.dll
0x0000000064da0000 - 0x00000000655df000 	C:\Program Files\Android\Android Studio\jre\jre\bin\server\jvm.dll
0x00007ff80e020000 - 0x00007ff80e028000 	C:\WINDOWS\System32\PSAPI.DLL
0x00007ffffd180000 - 0x00007ffffd189000 	C:\WINDOWS\SYSTEM32\WSOCK32.dll
0x00007ff808740000 - 0x00007ff808763000 	C:\WINDOWS\SYSTEM32\WINMM.dll
0x00007ff80fdc0000 - 0x00007ff80fe2c000 	C:\WINDOWS\System32\WS2_32.dll
0x00007ffffca20000 - 0x00007ffffca2a000 	C:\WINDOWS\SYSTEM32\VERSION.dll
0x00007ff808710000 - 0x00007ff80873a000 	C:\WINDOWS\SYSTEM32\WINMMBASE.dll
0x00007ff80cd70000 - 0x00007ff80cdb9000 	C:\WINDOWS\System32\cfgmgr32.dll
0x00007ff8060f0000 - 0x00007ff8060ff000 	C:\Program Files\Android\Android Studio\jre\jre\bin\verify.dll
0x00007ff805eb0000 - 0x00007ff805ed9000 	C:\Program Files\Android\Android Studio\jre\jre\bin\java.dll
0x00007ff805e90000 - 0x00007ff805ea6000 	C:\Program Files\Android\Android Studio\jre\jre\bin\zip.dll
0x00007ff80e660000 - 0x00007ff80fa9f000 	C:\WINDOWS\System32\SHELL32.dll
0x00007ff80fcb0000 - 0x00007ff80fd59000 	C:\WINDOWS\System32\shcore.dll
0x00007ff80c660000 - 0x00007ff80cd6d000 	C:\WINDOWS\System32\windows.storage.dll
0x00007ff80fbc0000 - 0x00007ff80fc11000 	C:\WINDOWS\System32\shlwapi.dll
0x00007ff80c520000 - 0x00007ff80c531000 	C:\WINDOWS\System32\kernel.appcore.dll
0x00007ff80c500000 - 0x00007ff80c51f000 	C:\WINDOWS\System32\profapi.dll
0x00007ff80c560000 - 0x00007ff80c5ac000 	C:\WINDOWS\System32\powrprof.dll
0x00007ff80c5b0000 - 0x00007ff80c5ba000 	C:\WINDOWS\System32\FLTLIB.DLL
0x00007ff805e70000 - 0x00007ff805e8a000 	C:\Program Files\Android\Android Studio\jre\jre\bin\net.dll
0x00007ff80bd20000 - 0x00007ff80bd86000 	C:\WINDOWS\system32\mswsock.dll
0x00007ff805e50000 - 0x00007ff805e61000 	C:\Program Files\Android\Android Studio\jre\jre\bin\nio.dll

VM Arguments:
java_command: org.jetbrains.kotlin.cli.jvm.K2JVMCompiler -Xadd-compiler-builtins -Xbuild-file=C:\Users\pepel\AppData\Local\Temp\kjps5478368450405232796app_debug.script.xml -classpath C:\Users\pepel\.gradle\caches\transforms-1\files-1.1\multidex-1.0.3.aar\9f2d91a34256a6662865c6f9d6b5733a\jars\classes.jar;C:\Users\pepel\.gradle\caches\modules-2\files-2.1\org.jetbrains.kotlin\kotlin-stdlib-jdk8\1.2.51\68faa6fb7e32a7665a6849f242bc621c3ed48101\kotlin-stdlib-jdk8-1.2.51.jar;C:\Users\pepel\.gradle\caches\transforms-1\files-1.1\facebook-android-sdk-4.38.1.aar\7812951ec58bfd60de609ad062d12eb6\jars\classes.jar;C:\Users\pepel\.gradle\caches\transforms-1\files-1.1\facebook-share-4.38.1.aar\41b763eb074f6238b55a5ce3c6dd19d5\jars\classes.jar;C:\Users\pepel\.gradle\caches\transforms-1\files-1.1\facebook-login-4.38.1.aar\d3eb1b4b7ef3b2dc5daa3ab1ede49d4a\jars\classes.jar;C:\Users\pepel\.gradle\caches\transforms-1\files-1.1\facebook-common-4.38.1.aar\63f33595808a57adc05184d3ef96d252\jars\classes.jar;C:\Users\pepel\.gradle\caches\transforms-1\files-1.1\appcompat-v7-28.0.0.aar\3d5f55acdd89ab12c798aa8320d57c27\jars\classes.jar;C:\Users\pepel\.gradle\caches\transforms-1\files-1.1\constraint-layout-1.1.1.aar\4b33c91282a4522b3ebd11a00256812b\jars\classes.jar;C:\Users\pepel\.gradle\caches\transforms-1\files-1.1\play-services-maps-11.4.2.aar\bec61ee5bef6a3ff8aa7d7ec0a7c2d65\jars\classes.jar;C:\Users\pepel\.gradle\caches\transforms-1\files-1.1\library-3.3.3.aar\6e8ce066196434bd92032ba54bd043d7\jars\classes.jar;C:\Users\pepel\.gradle\caches\transforms-1\files-1.1\play-services-location-11.4.2.aar\328a8ff35b51ae54c5e4e4bb1ab5f7a0\jars\classes.jar;C:\Users\pepel\.gradle\caches\transforms-1\files-1.1\play-services-base-11.4.2.aar\1697cacacbfc4a2a27aec1e5b139cce2\jars\classes.jar;C:\Users\pepel\.gradle\caches\transforms-1\files-1.1\play-services-tasks-11.4.2.aar\75ea441923250708724340f21390b292\jars\classes.jar;C:\Users\pepel\.gradle\caches\transforms-1\files-1.1\play-services-basement-11.4.2.aar
java_class_path (initial): C:\Users\pepel\.gradle\caches\modules-2\files-2.1\org.jetbrains.kotlin\kotlin-compiler-embeddable\1.2.51\205147cc6c2dcbe7d9d71125fe315b14b8a14be4\kotlin-compiler-embeddable-1.2.51.jar;C:\Users\pepel\.gradle\caches\modules-2\files-2.1\org.jetbrains.kotlin\kotlin-stdlib\1.2.51\fa8127e505bff50fec291d0dd619d1bda5c619e0\kotlin-stdlib-1.2.51.jar;C:\Users\pepel\.gradle\caches\modules-2\files-2.1\org.jetbrains.kotlin\kotlin-script-runtime\1.2.51\6f8ef6758f396b354e422c3e82d9cd14795fe0e2\kotlin-script-runtime-1.2.51.jar;C:\Users\pepel\.gradle\caches\modules-2\files-2.1\org.jetbrains.kotlin\kotlin-reflect\1.2.51\36b719a7b84452dd13eeec979d8c82bfb765c57d\kotlin-reflect-1.2.51.jar;C:\Users\pepel\.gradle\caches\modules-2\files-2.1\org.jetbrains.kotlin\kotlin-scripting-common\1.2.51\7861b42b7e5625df4a230d868476d4cda331be77\kotlin-scripting-common-1.2.51.jar;C:\Users\pepel\.gradle\caches\modules-2\files-2.1\org.jetbrains.kotlin\kotlin-scripting-jvm\1.2.51\f80afc81cf004fb572f8a09353960490ab6630c6\kotlin-scripting-jvm-1.2.51.jar;C:\Users\pepel\.gradle\caches\modules-2\files-2.1\org.jetbrains.kotlinx\kotlinx-coroutines-core\0.20\5f3fa9b5b2dc9cfc0d9358d5b2cab154d590a564\kotlinx-coroutines-core-0.20.jar;C:\Program Files\Android\Android Studio\jre\lib\tools.jar
Launcher Type: SUN_STANDARD

Environment Variables:
JAVA_HOME=C:\Program Files (x86)\Java\jdk1.8.0_181
USERNAME=pepel
OS=Windows_NT
PROCESSOR_IDENTIFIER=Intel64 Family 6 Model 142 Stepping 9, GenuineIntel



---------------  S Y S T E M  ---------------

OS: Windows 10.0 , 64 bit Build 17134 (10.0.17134.1)

CPU:total 4 (initial active 4) (2 cores per cpu, 2 threads per core) family 6 model 142 stepping 9, cmov, cx8, fxsr, mmx, sse, sse2, sse3, ssse3, sse4.1, sse4.2, popcnt, avx, avx2, aes, clmul, erms, 3dnowpref, lzcnt, ht, tsc, tscinvbit, bmi1, bmi2, adx

Memory: 4k page, physical 25079716k(4913720k free), swap 29175716k(5436k free)

vm_info: OpenJDK 64-Bit Server VM (25.152-b02) for windows-amd64 JRE (1.8.0_152-release-1024-b02), built by "builder" with MS VC++ 10.0 (VS2010)

time: Wed Nov 07 14:18:42 2018
elapsed time: 7 seconds (0d 0h 0m 7s)

