#
# There is insufficient memory for the Java Runtime Environment to continue.
# Native memory allocation (malloc) failed to allocate 1050464 bytes for Chunk::new
# Possible reasons:
#   The system is out of physical RAM or swap space
#   In 32 bit mode, the process size limit was hit
# Possible solutions:
#   Reduce memory load on the system
#   Increase physical memory or swap space
#   Check if swap backing store is full
#   Use 64 bit Java on a 64 bit OS
#   Decrease Java heap size (-Xmx/-Xms)
#   Decrease number of Java threads
#   Decrease Java thread stack sizes (-Xss)
#   Set larger code cache with -XX:ReservedCodeCacheSize=
# This output file may be truncated or incomplete.
#
#  Out of Memory Error (allocation.cpp:390), pid=23544, tid=0x0000000000009f70
#
# JRE version: OpenJDK Runtime Environment (8.0_152-b02) (build 1.8.0_152-release-1024-b02)
# Java VM: OpenJDK 64-Bit Server VM (25.152-b02 mixed mode windows-amd64 compressed oops)
# Failed to write core dump. Minidumps are not enabled by default on client versions of Windows
#

---------------  T H R E A D  ---------------

Current thread (0x0000000020d17000):  JavaThread "C2 CompilerThread0" daemon [_thread_in_native, id=40816, stack(0x0000000022360000,0x0000000022460000)]

Stack: [0x0000000022360000,0x0000000022460000]
[error occurred during error reporting (printing stack bounds), id 0xc0000005]

Native frames: (J=compiled Java code, j=interpreted, Vv=VM code, C=native code)


Current CompileTask:
C2:  10517 7218       4       org.jetbrains.kotlin.com.intellij.lang.java.parser.ExpressionParser::parseExpression (240 bytes)


---------------  P R O C E S S  ---------------

Java Threads: ( => current thread )
  0x000000002268f000 JavaThread "Service Thread" daemon [_thread_blocked, id=38564, stack(0x0000000022a60000,0x0000000022b60000)]
  0x0000000020d2a800 JavaThread "C1 CompilerThread2" daemon [_thread_blocked, id=27920, stack(0x0000000022560000,0x0000000022660000)]
  0x0000000020d1b000 JavaThread "C2 CompilerThread1" daemon [_thread_in_native, id=19072, stack(0x0000000022460000,0x0000000022560000)]
=>0x0000000020d17000 JavaThread "C2 CompilerThread0" daemon [_thread_in_native, id=40816, stack(0x0000000022360000,0x0000000022460000)]
  0x0000000020d15800 JavaThread "Attach Listener" daemon [_thread_blocked, id=3868, stack(0x0000000022260000,0x0000000022360000)]
  0x0000000020d14800 JavaThread "Signal Dispatcher" daemon [_thread_blocked, id=20448, stack(0x0000000022160000,0x0000000022260000)]
  0x0000000002bce800 JavaThread "Finalizer" daemon [_thread_blocked, id=23828, stack(0x0000000021f60000,0x0000000022060000)]
  0x0000000002bc9800 JavaThread "Reference Handler" daemon [_thread_blocked, id=23472, stack(0x0000000021e60000,0x0000000021f60000)]
  0x0000000002ad9000 JavaThread "main" [_thread_in_Java, id=15352, stack(0x00000000029d0000,0x0000000002ad0000)]

Other Threads:
  0x0000000020cd5000 VMThread [stack: 0x0000000021d60000,0x0000000021e60000] [id=11924]
  0x0000000022692000 WatcherThread [stack: 0x0000000022b60000,0x0000000022c60000] [id=30956]

VM state:not at safepoint (normal execution)

VM Mutex/Monitor currently owned by a thread: None

Heap:
 PSYoungGen      total 148992K, used 52701K [0x0000000740700000, 0x000000074ad80000, 0x00000007c0000000)
  eden space 132608K, 27% used [0x0000000740700000,0x0000000742a7cc30,0x0000000748880000)
  from space 16384K, 99% used [0x0000000748d80000,0x0000000749d7aa50,0x0000000749d80000)
  to   space 15872K, 0% used [0x0000000749e00000,0x0000000749e00000,0x000000074ad80000)
 ParOldGen       total 187392K, used 33283K [0x0000000641400000, 0x000000064cb00000, 0x0000000740700000)
  object space 187392K, 17% used [0x0000000641400000,0x0000000643480c28,0x000000064cb00000)
 Metaspace       used 45839K, capacity 46594K, committed 46808K, reserved 1089536K
  class space    used 5649K, capacity 5825K, committed 5888K, reserved 1048576K

Card table byte_map: [0x0000000011f90000,0x0000000012b90000] byte_map_base: 0x000000000ed86000

Marking Bits: (ParMarkBitMap*) 0x0000000065564970
 Begin Bits: [0x0000000013790000, 0x0000000019740000)
 End Bits:   [0x0000000019740000, 0x000000001f6f0000)

Polling page: 0x0000000002940000

CodeCache: size=245760Kb used=20978Kb max_used=20978Kb free=224782Kb
 bounds [0x0000000002bd0000, 0x0000000004090000, 0x0000000011bd0000]
 total_blobs=6758 nmethods=6304 adapters=366
 compilation: enabled

Compilation events (10 events):
Event: 10.401 Thread 0x0000000020d2a800 7272       2       org.jetbrains.kotlin.com.intellij.psi.impl.source.tree.JavaDocElementType$3::createNode (9 bytes)
Event: 10.401 Thread 0x0000000020d2a800 nmethod 7272 0x0000000003734350 code [0x00000000037344c0, 0x00000000037346c8]
Event: 10.401 Thread 0x0000000020d2a800 7273   !   2       sun.reflect.GeneratedConstructorAccessor36::newInstance (49 bytes)
Event: 10.401 Thread 0x0000000020d2a800 nmethod 7273 0x00000000037339d0 code [0x0000000003733b80, 0x0000000003734028]
Event: 10.404 Thread 0x0000000020d2a800 7275       2       org.jetbrains.kotlin.com.intellij.psi.impl.java.stubs.JavaStubElementTypes$6::createCompositeNode (16 bytes)
Event: 10.404 Thread 0x0000000020d2a800 nmethod 7275 0x0000000003cb7650 code [0x0000000003cb77a0, 0x0000000003cb79d0]
Event: 10.404 Thread 0x0000000020d2a800 7276       2       org.jetbrains.kotlin.com.intellij.psi.impl.source.tree.java.FieldElement::<init> (8 bytes)
Event: 10.404 Thread 0x0000000020d2a800 nmethod 7276 0x0000000003cb7290 code [0x0000000003cb73e0, 0x0000000003cb75b0]
Event: 10.404 Thread 0x0000000020d2a800 7277       2       org.jetbrains.kotlin.com.intellij.psi.impl.java.stubs.JavaLiteralExpressionElementType::createCompositeNode (18 bytes)
Event: 10.405 Thread 0x0000000020d2a800 nmethod 7277 0x0000000003cb6d50 code [0x0000000003cb6ec0, 0x0000000003cb7178]

GC Heap History (10 events):
Event: 4.648 GC heap before
{Heap before GC invocations=3 (full 1):
 PSYoungGen      total 114688K, used 98304K [0x0000000740700000, 0x0000000748700000, 0x00000007c0000000)
  eden space 98304K, 100% used [0x0000000740700000,0x0000000746700000,0x0000000746700000)
  from space 16384K, 0% used [0x0000000746700000,0x0000000746700000,0x0000000747700000)
  to   space 16384K, 0% used [0x0000000747700000,0x0000000747700000,0x0000000748700000)
 ParOldGen       total 187392K, used 17762K [0x0000000641400000, 0x000000064cb00000, 0x0000000740700000)
  object space 187392K, 9% used [0x0000000641400000,0x0000000642558810,0x000000064cb00000)
 Metaspace       used 32551K, capacity 33106K, committed 33408K, reserved 1079296K
  class space    used 3999K, capacity 4162K, committed 4224K, reserved 1048576K
Event: 4.674 GC heap after
Heap after GC invocations=3 (full 1):
 PSYoungGen      total 114688K, used 16382K [0x0000000740700000, 0x000000074a300000, 0x00000007c0000000)
  eden space 98304K, 0% used [0x0000000740700000,0x0000000740700000,0x0000000746700000)
  from space 16384K, 99% used [0x0000000747700000,0x00000007486ffbc8,0x0000000748700000)
  to   space 16384K, 0% used [0x0000000746700000,0x0000000746700000,0x0000000747700000)
 ParOldGen       total 187392K, used 25140K [0x0000000641400000, 0x000000064cb00000, 0x0000000740700000)
  object space 187392K, 13% used [0x0000000641400000,0x0000000642c8d1f8,0x000000064cb00000)
 Metaspace       used 32551K, capacity 33106K, committed 33408K, reserved 1079296K
  class space    used 3999K, capacity 4162K, committed 4224K, reserved 1048576K
}
Event: 5.189 GC heap before
{Heap before GC invocations=4 (full 1):
 PSYoungGen      total 114688K, used 45629K [0x0000000740700000, 0x000000074a300000, 0x00000007c0000000)
  eden space 98304K, 29% used [0x0000000740700000,0x000000074238f9f8,0x0000000746700000)
  from space 16384K, 99% used [0x0000000747700000,0x00000007486ffbc8,0x0000000748700000)
  to   space 16384K, 0% used [0x0000000746700000,0x0000000746700000,0x0000000747700000)
 ParOldGen       total 187392K, used 25140K [0x0000000641400000, 0x000000064cb00000, 0x0000000740700000)
  object space 187392K, 13% used [0x0000000641400000,0x0000000642c8d1f8,0x000000064cb00000)
 Metaspace       used 34664K, capacity 35160K, committed 35416K, reserved 1081344K
  class space    used 4266K, capacity 4433K, committed 4480K, reserved 1048576K
Event: 5.204 GC heap after
Heap after GC invocations=4 (full 1):
 PSYoungGen      total 114688K, used 16368K [0x0000000740700000, 0x000000074ae00000, 0x00000007c0000000)
  eden space 98304K, 0% used [0x0000000740700000,0x0000000740700000,0x0000000746700000)
  from space 16384K, 99% used [0x0000000746700000,0x00000007476fc0c8,0x0000000747700000)
  to   space 16384K, 0% used [0x0000000749e00000,0x0000000749e00000,0x000000074ae00000)
 ParOldGen       total 187392K, used 26340K [0x0000000641400000, 0x000000064cb00000, 0x0000000740700000)
  object space 187392K, 14% used [0x0000000641400000,0x0000000642db9210,0x000000064cb00000)
 Metaspace       used 34664K, capacity 35160K, committed 35416K, reserved 1081344K
  class space    used 4266K, capacity 4433K, committed 4480K, reserved 1048576K
}
Event: 5.204 GC heap before
{Heap before GC invocations=5 (full 2):
 PSYoungGen      total 114688K, used 16368K [0x0000000740700000, 0x000000074ae00000, 0x00000007c0000000)
  eden space 98304K, 0% used [0x0000000740700000,0x0000000740700000,0x0000000746700000)
  from space 16384K, 99% used [0x0000000746700000,0x00000007476fc0c8,0x0000000747700000)
  to   space 16384K, 0% used [0x0000000749e00000,0x0000000749e00000,0x000000074ae00000)
 ParOldGen       total 187392K, used 26340K [0x0000000641400000, 0x000000064cb00000, 0x0000000740700000)
  object space 187392K, 14% used [0x0000000641400000,0x0000000642db9210,0x000000064cb00000)
 Metaspace       used 34664K, capacity 35160K, committed 35416K, reserved 1081344K
  class space    used 4266K, capacity 4433K, committed 4480K, reserved 1048576K
Event: 5.308 GC heap after
Heap after GC invocations=5 (full 2):
 PSYoungGen      total 114688K, used 0K [0x0000000740700000, 0x000000074ae00000, 0x00000007c0000000)
  eden space 98304K, 0% used [0x0000000740700000,0x0000000740700000,0x0000000746700000)
  from space 16384K, 0% used [0x0000000746700000,0x0000000746700000,0x0000000747700000)
  to   space 16384K, 0% used [0x0000000749e00000,0x0000000749e00000,0x000000074ae00000)
 ParOldGen       total 187392K, used 24616K [0x0000000641400000, 0x000000064cb00000, 0x0000000740700000)
  object space 187392K, 13% used [0x0000000641400000,0x0000000642c0a1d8,0x000000064cb00000)
 Metaspace       used 34664K, capacity 35160K, committed 35416K, reserved 1081344K
  class space    used 4266K, capacity 4433K, committed 4480K, reserved 1048576K
}
Event: 7.017 GC heap before
{Heap before GC invocations=6 (full 2):
 PSYoungGen      total 114688K, used 98304K [0x0000000740700000, 0x000000074ae00000, 0x00000007c0000000)
  eden space 98304K, 100% used [0x0000000740700000,0x0000000746700000,0x0000000746700000)
  from space 16384K, 0% used [0x0000000746700000,0x0000000746700000,0x0000000747700000)
  to   space 16384K, 0% used [0x0000000749e00000,0x0000000749e00000,0x000000074ae00000)
 ParOldGen       total 187392K, used 24616K [0x0000000641400000, 0x000000064cb00000, 0x0000000740700000)
  object space 187392K, 13% used [0x0000000641400000,0x0000000642c0a1d8,0x000000064cb00000)
 Metaspace       used 38297K, capacity 38920K, committed 39128K, reserved 1083392K
  class space    used 4626K, capacity 4785K, committed 4864K, reserved 1048576K
Event: 7.034 GC heap after
Heap after GC invocations=6 (full 2):
 PSYoungGen      total 148480K, used 15545K [0x0000000740700000, 0x000000074ad80000, 0x00000007c0000000)
  eden space 132608K, 0% used [0x0000000740700000,0x0000000740700000,0x0000000748880000)
  from space 15872K, 97% used [0x0000000749e00000,0x000000074ad2e678,0x000000074ad80000)
  to   space 16384K, 0% used [0x0000000748d80000,0x0000000748d80000,0x0000000749d80000)
 ParOldGen       total 187392K, used 24624K [0x0000000641400000, 0x000000064cb00000, 0x0000000740700000)
  object space 187392K, 13% used [0x0000000641400000,0x0000000642c0c1d8,0x000000064cb00000)
 Metaspace       used 38297K, capacity 38920K, committed 39128K, reserved 1083392K
  class space    used 4626K, capacity 4785K, committed 4864K, reserved 1048576K
}
Event: 9.376 GC heap before
{Heap before GC invocations=7 (full 2):
 PSYoungGen      total 148480K, used 148153K [0x0000000740700000, 0x000000074ad80000, 0x00000007c0000000)
  eden space 132608K, 100% used [0x0000000740700000,0x0000000748880000,0x0000000748880000)
  from space 15872K, 97% used [0x0000000749e00000,0x000000074ad2e678,0x000000074ad80000)
  to   space 16384K, 0% used [0x0000000748d80000,0x0000000748d80000,0x0000000749d80000)
 ParOldGen       total 187392K, used 24624K [0x0000000641400000, 0x000000064cb00000, 0x0000000740700000)
  object space 187392K, 13% used [0x0000000641400000,0x0000000642c0c1d8,0x000000064cb00000)
 Metaspace       used 43183K, capacity 43918K, committed 44120K, reserved 1087488K
  class space    used 5259K, capacity 5451K, committed 5504K, reserved 1048576K
Event: 9.404 GC heap after
Heap after GC invocations=7 (full 2):
 PSYoungGen      total 148992K, used 16362K [0x0000000740700000, 0x000000074ad80000, 0x00000007c0000000)
  eden space 132608K, 0% used [0x0000000740700000,0x0000000740700000,0x0000000748880000)
  from space 16384K, 99% used [0x0000000748d80000,0x0000000749d7aa50,0x0000000749d80000)
  to   space 15872K, 0% used [0x0000000749e00000,0x0000000749e00000,0x000000074ad80000)
 ParOldGen       total 187392K, used 33283K [0x0000000641400000, 0x000000064cb00000, 0x0000000740700000)
  object space 187392K, 17% used [0x0000000641400000,0x0000000643480c28,0x000000064cb00000)
 Metaspace       used 43183K, capacity 43918K, committed 44120K, reserved 1087488K
  class space    used 5259K, capacity 5451K, committed 5504K, reserved 1048576K
}

Deoptimization events (10 events):
Event: 10.280 Thread 0x0000000002ad9000 Uncommon trap: reason=unstable_if action=reinterpret pc=0x00000000035bcd90 method=org.jetbrains.kotlin.gnu.trove.TIntObjectHashMap.insertionIndex(I)I @ 79
Event: 10.304 Thread 0x0000000002ad9000 Uncommon trap: reason=class_check action=maybe_recompile pc=0x00000000035f5bd4 method=org.jetbrains.kotlin.com.intellij.lang.ASTFactory.factory(Lorg/jetbrains/kotlin/com/intellij/psi/tree/IElementType;)Lorg/jetbrains/kotlin/com/intellij/lang/ASTFactory; @
Event: 10.305 Thread 0x0000000002ad9000 Uncommon trap: reason=bimorphic action=maybe_recompile pc=0x000000000348e684 method=org.jetbrains.kotlin.com.intellij.psi.impl.source.tree.TreeElement.rawInsertAfterMeWithoutNotifications(Lorg/jetbrains/kotlin/com/intellij/psi/impl/source/tree/TreeElement
Event: 10.305 Thread 0x0000000002ad9000 Uncommon trap: reason=unstable_if action=reinterpret pc=0x00000000034b9afc method=org.jetbrains.kotlin.com.intellij.lang.ASTFactory.composite(Lorg/jetbrains/kotlin/com/intellij/psi/tree/IElementType;)Lorg/jetbrains/kotlin/com/intellij/psi/impl/source/tree
Event: 10.305 Thread 0x0000000002ad9000 Uncommon trap: reason=bimorphic action=maybe_recompile pc=0x000000000348e684 method=org.jetbrains.kotlin.com.intellij.psi.impl.source.tree.TreeElement.rawInsertAfterMeWithoutNotifications(Lorg/jetbrains/kotlin/com/intellij/psi/impl/source/tree/TreeElement
Event: 10.305 Thread 0x0000000002ad9000 Uncommon trap: reason=class_check action=maybe_recompile pc=0x00000000035f5bd4 method=org.jetbrains.kotlin.com.intellij.lang.ASTFactory.factory(Lorg/jetbrains/kotlin/com/intellij/psi/tree/IElementType;)Lorg/jetbrains/kotlin/com/intellij/lang/ASTFactory; @
Event: 10.305 Thread 0x0000000002ad9000 Uncommon trap: reason=bimorphic action=maybe_recompile pc=0x000000000348e684 method=org.jetbrains.kotlin.com.intellij.psi.impl.source.tree.TreeElement.rawInsertAfterMeWithoutNotifications(Lorg/jetbrains/kotlin/com/intellij/psi/impl/source/tree/TreeElement
Event: 10.305 Thread 0x0000000002ad9000 Uncommon trap: reason=bimorphic action=maybe_recompile pc=0x000000000348e684 method=org.jetbrains.kotlin.com.intellij.psi.impl.source.tree.TreeElement.rawInsertAfterMeWithoutNotifications(Lorg/jetbrains/kotlin/com/intellij/psi/impl/source/tree/TreeElement
Event: 10.305 Thread 0x0000000002ad9000 Uncommon trap: reason=class_check action=maybe_recompile pc=0x00000000035f5bd4 method=org.jetbrains.kotlin.com.intellij.lang.ASTFactory.factory(Lorg/jetbrains/kotlin/com/intellij/psi/tree/IElementType;)Lorg/jetbrains/kotlin/com/intellij/lang/ASTFactory; @
Event: 10.306 Thread 0x0000000002ad9000 Uncommon trap: reason=class_check action=maybe_recompile pc=0x00000000035f5bd4 method=org.jetbrains.kotlin.com.intellij.lang.ASTFactory.factory(Lorg/jetbrains/kotlin/com/intellij/psi/tree/IElementType;)Lorg/jetbrains/kotlin/com/intellij/lang/ASTFactory; @

Classes redefined (0 events):
No events

Internal exceptions (10 events):
Event: 8.295 Thread 0x0000000002ad9000 Implicit null exception at 0x0000000003494040 to 0x000000000349832d
Event: 8.295 Thread 0x0000000002ad9000 Implicit null exception at 0x0000000003494040 to 0x000000000349832d
Event: 8.295 Thread 0x0000000002ad9000 Implicit null exception at 0x0000000003494040 to 0x000000000349832d
Event: 8.295 Thread 0x0000000002ad9000 Implicit null exception at 0x0000000003494040 to 0x000000000349832d
Event: 8.297 Thread 0x0000000002ad9000 Implicit null exception at 0x0000000002e176d6 to 0x0000000002e17a81
Event: 8.311 Thread 0x0000000002ad9000 Implicit null exception at 0x0000000002d96316 to 0x0000000002d966b9
Event: 8.946 Thread 0x0000000002ad9000 Implicit null exception at 0x0000000003f7786d to 0x0000000003f77d71
Event: 9.791 Thread 0x0000000002ad9000 Exception <a 'java/lang/NoSuchMethodError': java.lang.Object.lambda$static$0(I)[Lorg/jetbrains/kotlin/com/intellij/psi/PsiTypeElement;> (0x00000007413609e8) thrown at [D:\src\AOSP-openjdk-cygwin\jdk8u\hotspot\src\share\vm\interpreter\linkResolver.cpp, lin
Event: 9.801 Thread 0x0000000002ad9000 Exception <a 'java/lang/NoSuchMethodError': java.lang.Object.lambda$static$0(I)[Lorg/jetbrains/kotlin/com/intellij/psi/PsiTypeParameter;> (0x00000007413df4c0) thrown at [D:\src\AOSP-openjdk-cygwin\jdk8u\hotspot\src\share\vm\interpreter\linkResolver.cpp, l
Event: 10.171 Thread 0x0000000002ad9000 Implicit null exception at 0x00000000033a6d90 to 0x00000000033a6e65

Events (10 events):
Event: 10.388 loading class org/jetbrains/kotlin/com/intellij/psi/PsiDocCommentBase
Event: 10.388 loading class org/jetbrains/kotlin/com/intellij/psi/PsiDocCommentBase done
Event: 10.390 loading class org/jetbrains/kotlin/com/intellij/psi/javadoc/PsiDocTag
Event: 10.390 loading class org/jetbrains/kotlin/com/intellij/psi/javadoc/PsiDocTag done
Event: 10.390 loading class org/jetbrains/kotlin/com/intellij/psi/javadoc/PsiDocTag
Event: 10.390 loading class org/jetbrains/kotlin/com/intellij/psi/javadoc/PsiDocTag done
Event: 10.390 loading class org/jetbrains/kotlin/com/intellij/util/ArrayFactory
Event: 10.390 loading class org/jetbrains/kotlin/com/intellij/util/ArrayFactory done
Event: 10.393 Thread 0x0000000002ad9000 DEOPT PACKING pc=0x00000000033f8297 sp=0x0000000002acb0e0
Event: 10.393 Thread 0x0000000002ad9000 DEOPT UNPACKING pc=0x0000000002c175d0 sp=0x0000000002acae08 mode 0


Dynamic libraries:
0x00007ff6e20e0000 - 0x00007ff6e2111000 	C:\Program Files\Android\Android Studio\jre\jre\bin\java.exe
0x00007ff8101f0000 - 0x00007ff8103d1000 	C:\WINDOWS\SYSTEM32\ntdll.dll
0x00007ff80e260000 - 0x00007ff80e312000 	C:\WINDOWS\System32\KERNEL32.DLL
0x00007ff80d1b0000 - 0x00007ff80d423000 	C:\WINDOWS\System32\KERNELBASE.dll
0x00007ff80e1b0000 - 0x00007ff80e251000 	C:\WINDOWS\System32\ADVAPI32.dll
0x00007ff80df20000 - 0x00007ff80dfbe000 	C:\WINDOWS\System32\msvcrt.dll
0x00007ff80fd60000 - 0x00007ff80fdbb000 	C:\WINDOWS\System32\sechost.dll
0x00007ff80fed0000 - 0x00007ff80fff4000 	C:\WINDOWS\System32\RPCRT4.dll
0x00007ff810030000 - 0x00007ff8101c0000 	C:\WINDOWS\System32\USER32.dll
0x00007ff80c640000 - 0x00007ff80c660000 	C:\WINDOWS\System32\win32u.dll
0x00007ff810000000 - 0x00007ff810028000 	C:\WINDOWS\System32\GDI32.dll
0x00007ff80cf10000 - 0x00007ff80d0a2000 	C:\WINDOWS\System32\gdi32full.dll
0x00007ff80ce70000 - 0x00007ff80cf0f000 	C:\WINDOWS\System32\msvcp_win.dll
0x00007ff80d0b0000 - 0x00007ff80d1aa000 	C:\WINDOWS\System32\ucrtbase.dll
0x00007ffff6690000 - 0x00007ffff68f9000 	C:\WINDOWS\WinSxS\amd64_microsoft.windows.common-controls_6595b64144ccf1df_6.0.17134.345_none_fb429a5930656358\COMCTL32.dll
0x00007ff80e330000 - 0x00007ff80e653000 	C:\WINDOWS\System32\combase.dll
0x00007ff80c5c0000 - 0x00007ff80c63a000 	C:\WINDOWS\System32\bcryptPrimitives.dll
0x00007ff80fc20000 - 0x00007ff80fc4d000 	C:\WINDOWS\System32\IMM32.DLL
0x00000000666f0000 - 0x00000000667c2000 	C:\Program Files\Android\Android Studio\jre\jre\bin\msvcr100.dll
0x0000000064da0000 - 0x00000000655df000 	C:\Program Files\Android\Android Studio\jre\jre\bin\server\jvm.dll
0x00007ff80e020000 - 0x00007ff80e028000 	C:\WINDOWS\System32\PSAPI.DLL
0x00007ffffd180000 - 0x00007ffffd189000 	C:\WINDOWS\SYSTEM32\WSOCK32.dll
0x00007ffffca20000 - 0x00007ffffca2a000 	C:\WINDOWS\SYSTEM32\VERSION.dll
0x00007ff808740000 - 0x00007ff808763000 	C:\WINDOWS\SYSTEM32\WINMM.dll
0x00007ff80fdc0000 - 0x00007ff80fe2c000 	C:\WINDOWS\System32\WS2_32.dll
0x00007ff808710000 - 0x00007ff80873a000 	C:\WINDOWS\SYSTEM32\WINMMBASE.dll
0x00007ff80cd70000 - 0x00007ff80cdb9000 	C:\WINDOWS\System32\cfgmgr32.dll
0x00007ff8060f0000 - 0x00007ff8060ff000 	C:\Program Files\Android\Android Studio\jre\jre\bin\verify.dll
0x00007ff805eb0000 - 0x00007ff805ed9000 	C:\Program Files\Android\Android Studio\jre\jre\bin\java.dll
0x00007ff805e90000 - 0x00007ff805ea6000 	C:\Program Files\Android\Android Studio\jre\jre\bin\zip.dll
0x00007ff80e660000 - 0x00007ff80fa9f000 	C:\WINDOWS\System32\SHELL32.dll
0x00007ff80fcb0000 - 0x00007ff80fd59000 	C:\WINDOWS\System32\shcore.dll
0x00007ff80c660000 - 0x00007ff80cd6d000 	C:\WINDOWS\System32\windows.storage.dll
0x00007ff80fbc0000 - 0x00007ff80fc11000 	C:\WINDOWS\System32\shlwapi.dll
0x00007ff80c520000 - 0x00007ff80c531000 	C:\WINDOWS\System32\kernel.appcore.dll
0x00007ff80c500000 - 0x00007ff80c51f000 	C:\WINDOWS\System32\profapi.dll
0x00007ff80c560000 - 0x00007ff80c5ac000 	C:\WINDOWS\System32\powrprof.dll
0x00007ff80c5b0000 - 0x00007ff80c5ba000 	C:\WINDOWS\System32\FLTLIB.DLL
0x00007ff805e70000 - 0x00007ff805e8a000 	C:\Program Files\Android\Android Studio\jre\jre\bin\net.dll
0x00007ff80bd20000 - 0x00007ff80bd86000 	C:\WINDOWS\system32\mswsock.dll
0x00007ff805e50000 - 0x00007ff805e61000 	C:\Program Files\Android\Android Studio\jre\jre\bin\nio.dll

VM Arguments:
java_command: org.jetbrains.kotlin.cli.jvm.K2JVMCompiler -Xadd-compiler-builtins -Xbuild-file=C:\Users\pepel\AppData\Local\Temp\kjps3921747597625206770app_debug.script.xml -classpath C:\Users\pepel\.gradle\caches\transforms-1\files-1.1\multidex-1.0.3.aar\9f2d91a34256a6662865c6f9d6b5733a\jars\classes.jar;C:\Users\pepel\.gradle\caches\modules-2\files-2.1\org.jetbrains.kotlin\kotlin-stdlib-jdk8\1.2.51\68faa6fb7e32a7665a6849f242bc621c3ed48101\kotlin-stdlib-jdk8-1.2.51.jar;C:\Users\pepel\.gradle\caches\transforms-1\files-1.1\facebook-android-sdk-4.38.1.aar\7812951ec58bfd60de609ad062d12eb6\jars\classes.jar;C:\Users\pepel\.gradle\caches\transforms-1\files-1.1\facebook-share-4.38.1.aar\41b763eb074f6238b55a5ce3c6dd19d5\jars\classes.jar;C:\Users\pepel\.gradle\caches\transforms-1\files-1.1\facebook-login-4.38.1.aar\d3eb1b4b7ef3b2dc5daa3ab1ede49d4a\jars\classes.jar;C:\Users\pepel\.gradle\caches\transforms-1\files-1.1\facebook-common-4.38.1.aar\63f33595808a57adc05184d3ef96d252\jars\classes.jar;C:\Users\pepel\.gradle\caches\transforms-1\files-1.1\appcompat-v7-28.0.0.aar\3d5f55acdd89ab12c798aa8320d57c27\jars\classes.jar;C:\Users\pepel\.gradle\caches\transforms-1\files-1.1\constraint-layout-1.1.1.aar\4b33c91282a4522b3ebd11a00256812b\jars\classes.jar;C:\Users\pepel\.gradle\caches\transforms-1\files-1.1\play-services-maps-11.4.2.aar\bec61ee5bef6a3ff8aa7d7ec0a7c2d65\jars\classes.jar;C:\Users\pepel\.gradle\caches\transforms-1\files-1.1\library-3.3.3.aar\6e8ce066196434bd92032ba54bd043d7\jars\classes.jar;C:\Users\pepel\.gradle\caches\transforms-1\files-1.1\play-services-location-11.4.2.aar\328a8ff35b51ae54c5e4e4bb1ab5f7a0\jars\classes.jar;C:\Users\pepel\.gradle\caches\transforms-1\files-1.1\play-services-base-11.4.2.aar\1697cacacbfc4a2a27aec1e5b139cce2\jars\classes.jar;C:\Users\pepel\.gradle\caches\transforms-1\files-1.1\play-services-tasks-11.4.2.aar\75ea441923250708724340f21390b292\jars\classes.jar;C:\Users\pepel\.gradle\caches\transforms-1\files-1.1\play-services-basement-11.4.2.aar
java_class_path (initial): C:\Users\pepel\.gradle\caches\modules-2\files-2.1\org.jetbrains.kotlin\kotlin-compiler-embeddable\1.2.51\205147cc6c2dcbe7d9d71125fe315b14b8a14be4\kotlin-compiler-embeddable-1.2.51.jar;C:\Users\pepel\.gradle\caches\modules-2\files-2.1\org.jetbrains.kotlin\kotlin-stdlib\1.2.51\fa8127e505bff50fec291d0dd619d1bda5c619e0\kotlin-stdlib-1.2.51.jar;C:\Users\pepel\.gradle\caches\modules-2\files-2.1\org.jetbrains.kotlin\kotlin-script-runtime\1.2.51\6f8ef6758f396b354e422c3e82d9cd14795fe0e2\kotlin-script-runtime-1.2.51.jar;C:\Users\pepel\.gradle\caches\modules-2\files-2.1\org.jetbrains.kotlin\kotlin-reflect\1.2.51\36b719a7b84452dd13eeec979d8c82bfb765c57d\kotlin-reflect-1.2.51.jar;C:\Users\pepel\.gradle\caches\modules-2\files-2.1\org.jetbrains.kotlin\kotlin-scripting-common\1.2.51\7861b42b7e5625df4a230d868476d4cda331be77\kotlin-scripting-common-1.2.51.jar;C:\Users\pepel\.gradle\caches\modules-2\files-2.1\org.jetbrains.kotlin\kotlin-scripting-jvm\1.2.51\f80afc81cf004fb572f8a09353960490ab6630c6\kotlin-scripting-jvm-1.2.51.jar;C:\Users\pepel\.gradle\caches\modules-2\files-2.1\org.jetbrains.kotlinx\kotlinx-coroutines-core\0.20\5f3fa9b5b2dc9cfc0d9358d5b2cab154d590a564\kotlinx-coroutines-core-0.20.jar;C:\Program Files\Android\Android Studio\jre\lib\tools.jar
Launcher Type: SUN_STANDARD

Environment Variables:
JAVA_HOME=C:\Program Files (x86)\Java\jdk1.8.0_181
USERNAME=pepel
OS=Windows_NT
PROCESSOR_IDENTIFIER=Intel64 Family 6 Model 142 Stepping 9, GenuineIntel



---------------  S Y S T E M  ---------------

OS: Windows 10.0 , 64 bit Build 17134 (10.0.17134.1)

CPU:total 4 (initial active 4) (2 cores per cpu, 2 threads per core) family 6 model 142 stepping 9, cmov, cx8, fxsr, mmx, sse, sse2, sse3, ssse3, sse4.1, sse4.2, popcnt, avx, avx2, aes, clmul, erms, 3dnowpref, lzcnt, ht, tsc, tscinvbit, bmi1, bmi2, adx

Memory: 4k page, physical 25079716k(4811424k free), swap 29175716k(6012k free)

vm_info: OpenJDK 64-Bit Server VM (25.152-b02) for windows-amd64 JRE (1.8.0_152-release-1024-b02), built by "builder" with MS VC++ 10.0 (VS2010)

time: Wed Nov 07 14:16:55 2018
elapsed time: 10 seconds (0d 0h 0m 10s)

