#
# There is insufficient memory for the Java Runtime Environment to continue.
# Native memory allocation (malloc) failed to allocate 519824 bytes for Chunk::new
# Possible reasons:
#   The system is out of physical RAM or swap space
#   In 32 bit mode, the process size limit was hit
# Possible solutions:
#   Reduce memory load on the system
#   Increase physical memory or swap space
#   Check if swap backing store is full
#   Use 64 bit Java on a 64 bit OS
#   Decrease Java heap size (-Xmx/-Xms)
#   Decrease number of Java threads
#   Decrease Java thread stack sizes (-Xss)
#   Set larger code cache with -XX:ReservedCodeCacheSize=
# This output file may be truncated or incomplete.
#
#  Out of Memory Error (allocation.cpp:390), pid=39276, tid=0x0000000000004abc
#
# JRE version: OpenJDK Runtime Environment (8.0_152-b02) (build 1.8.0_152-release-1024-b02)
# Java VM: OpenJDK 64-Bit Server VM (25.152-b02 mixed mode windows-amd64 compressed oops)
# Failed to write core dump. Minidumps are not enabled by default on client versions of Windows
#

---------------  T H R E A D  ---------------

Current thread (0x0000000016977000):  JavaThread "C2 CompilerThread1" daemon [_thread_in_native, id=19132, stack(0x00000000180c0000,0x00000000181c0000)]

Stack: [0x00000000180c0000,0x00000000181c0000]
[error occurred during error reporting (printing stack bounds), id 0xc0000005]

Native frames: (J=compiled Java code, j=interpreted, Vv=VM code, C=native code)


Current CompileTask:
C2:  16330 7374       4       org.jetbrains.kotlin.com.intellij.lang.java.parser.ExpressionParser::parseBinary (164 bytes)


---------------  P R O C E S S  ---------------

Java Threads: ( => current thread )
  0x000000001899e000 JavaThread "RMI RenewClean-[localhost:63693,org.jetbrains.kotlin.daemon.common.LoopbackNetworkInterface$ClientLoopbackSocketFactory@aa08040]" daemon [_thread_blocked, id=10832, stack(0x0000000019f40000,0x000000001a040000)]
  0x0000000018a91000 JavaThread "RMI TCP Connection(2)-127.0.0.1" daemon [_thread_in_Java, id=26048, stack(0x0000000019e40000,0x0000000019f40000)]
  0x0000000018a8c000 JavaThread "RMI Scheduler(0)" daemon [_thread_blocked, id=14984, stack(0x0000000019d40000,0x0000000019e40000)]
  0x00000000189dd000 JavaThread "RMI TCP Connection(1)-127.0.0.1" daemon [_thread_in_native, id=2504, stack(0x0000000019c40000,0x0000000019d40000)]
  0x0000000002f03800 JavaThread "DestroyJavaVM" [_thread_blocked, id=34560, stack(0x0000000002e00000,0x0000000002f00000)]
  0x0000000018a89000 JavaThread "GC Daemon" daemon [_thread_blocked, id=25360, stack(0x0000000019800000,0x0000000019900000)]
  0x0000000018a7f800 JavaThread "RMI Reaper" [_thread_blocked, id=13432, stack(0x0000000019700000,0x0000000019800000)]
  0x00000000189f6000 JavaThread "Timer-0" daemon [_thread_blocked, id=3584, stack(0x0000000019500000,0x0000000019600000)]
  0x0000000018a04000 JavaThread "RMI TCP Accept-17319" daemon [_thread_in_native, id=22096, stack(0x0000000019400000,0x0000000019500000)]
  0x00000000182eb000 JavaThread "Service Thread" daemon [_thread_blocked, id=39432, stack(0x00000000186c0000,0x00000000187c0000)]
  0x000000001697e800 JavaThread "C1 CompilerThread2" daemon [_thread_blocked, id=31448, stack(0x00000000181c0000,0x00000000182c0000)]
=>0x0000000016977000 JavaThread "C2 CompilerThread1" daemon [_thread_in_native, id=19132, stack(0x00000000180c0000,0x00000000181c0000)]
  0x0000000016970800 JavaThread "C2 CompilerThread0" daemon [_thread_in_native, id=29640, stack(0x0000000017fc0000,0x00000000180c0000)]
  0x000000001696f000 JavaThread "Attach Listener" daemon [_thread_blocked, id=28508, stack(0x0000000017ec0000,0x0000000017fc0000)]
  0x000000001696d800 JavaThread "Signal Dispatcher" daemon [_thread_blocked, id=36016, stack(0x0000000017dc0000,0x0000000017ec0000)]
  0x0000000016958000 JavaThread "Finalizer" daemon [_thread_blocked, id=11280, stack(0x0000000017bc0000,0x0000000017cc0000)]
  0x0000000002ff3800 JavaThread "Reference Handler" daemon [_thread_blocked, id=23448, stack(0x0000000017ac0000,0x0000000017bc0000)]

Other Threads:
  0x0000000016936000 VMThread [stack: 0x00000000179c0000,0x0000000017ac0000] [id=37504]
  0x000000001830c800 WatcherThread [stack: 0x00000000187c0000,0x00000000188c0000] [id=18636]

VM state:not at safepoint (normal execution)

VM Mutex/Monitor currently owned by a thread:  ([mutex/lock_event])
[0x0000000002dfe480] CodeCache_lock - owner thread: 0x000000001697e800

Heap:
 PSYoungGen      total 250368K, used 26719K [0x00000000e0000000, 0x00000000f4100000, 0x0000000100000000)
  eden space 233984K, 4% used [0x00000000e0000000,0x00000000e0a185f8,0x00000000ee480000)
  from space 16384K, 99% used [0x00000000f0b00000,0x00000000f1aff7b8,0x00000000f1b00000)
  to   space 39424K, 0% used [0x00000000ee480000,0x00000000ee480000,0x00000000f0b00000)
 ParOldGen       total 153088K, used 42356K [0x00000000a0000000, 0x00000000a9580000, 0x00000000e0000000)
  object space 153088K, 27% used [0x00000000a0000000,0x00000000a295d170,0x00000000a9580000)
 Metaspace       used 49486K, capacity 50368K, committed 50600K, reserved 1093632K
  class space    used 6110K, capacity 6311K, committed 6320K, reserved 1048576K

Card table byte_map: [0x00000000123c0000,0x00000000126d0000] byte_map_base: 0x0000000011ec0000

Marking Bits: (ParMarkBitMap*) 0x0000000065564970
 Begin Bits: [0x0000000012cd0000, 0x00000000144d0000)
 End Bits:   [0x00000000144d0000, 0x0000000015cd0000)

Polling page: 0x0000000002cf0000

CodeCache: size=245760Kb used=21841Kb max_used=21841Kb free=223918Kb
 bounds [0x0000000003000000, 0x0000000004570000, 0x0000000012000000]
 total_blobs=7023 nmethods=6523 adapters=411
 compilation: enabled

Compilation events (10 events):
Event: 16.292 Thread 0x000000001697e800 7389 %     3       org.jetbrains.kotlin.com.intellij.lang.impl.PsiBuilderImpl::balanceWhiteSpaces @ 203 (348 bytes)
Event: 16.295 Thread 0x000000001697e800 nmethod 7389% 0x000000000455b7d0 code [0x000000000455bce0, 0x000000000455f8b8]
Event: 16.295 Thread 0x000000001697e800 7390       3       org.jetbrains.kotlin.com.intellij.lang.impl.PsiBuilderImpl::balanceWhiteSpaces (348 bytes)
Event: 16.298 Thread 0x000000001697e800 nmethod 7390 0x0000000004562610 code [0x0000000004562b20, 0x00000000045663f8]
Event: 16.312 Thread 0x000000001697e800 7395       2       org.jetbrains.kotlin.com.intellij.psi.impl.DebugUtil::revalidateNode (15 bytes)
Event: 16.312 Thread 0x000000001697e800 nmethod 7395 0x0000000004529190 code [0x0000000004529300, 0x00000000045294c8]
Event: 16.314 Thread 0x000000001697e800 7397       2       org.jetbrains.kotlin.com.intellij.psi.impl.source.tree.TreeElement::setTreeParent (46 bytes)
Event: 16.315 Thread 0x000000001697e800 nmethod 7397 0x000000000452e150 code [0x000000000452e300, 0x000000000452e658]
Event: 16.315 Thread 0x000000001697e800 7398       2       org.jetbrains.kotlin.com.intellij.psi.impl.source.tree.TreeElement::getCachedFile (24 bytes)
Event: 16.315 Thread 0x000000001697e800 nmethod 7398 0x00000000045205d0 code [0x0000000004520740, 0x0000000004520928]

GC Heap History (10 events):
Event: 10.195 GC heap before
{Heap before GC invocations=5 (full 2):
 PSYoungGen      total 114688K, used 98304K [0x00000000e0000000, 0x00000000e8000000, 0x0000000100000000)
  eden space 98304K, 100% used [0x00000000e0000000,0x00000000e6000000,0x00000000e6000000)
  from space 16384K, 0% used [0x00000000e7000000,0x00000000e7000000,0x00000000e8000000)
  to   space 16384K, 0% used [0x00000000e6000000,0x00000000e6000000,0x00000000e7000000)
 ParOldGen       total 113664K, used 15193K [0x00000000a0000000, 0x00000000a6f00000, 0x00000000e0000000)
  object space 113664K, 13% used [0x00000000a0000000,0x00000000a0ed6600,0x00000000a6f00000)
 Metaspace       used 34230K, capacity 34720K, committed 34864K, reserved 1079296K
  class space    used 4228K, capacity 4369K, committed 4400K, reserved 1048576K
Event: 10.223 GC heap after
Heap after GC invocations=5 (full 2):
 PSYoungGen      total 114688K, used 16367K [0x00000000e0000000, 0x00000000eb700000, 0x0000000100000000)
  eden space 98304K, 0% used [0x00000000e0000000,0x00000000e0000000,0x00000000e6000000)
  from space 16384K, 99% used [0x00000000e6000000,0x00000000e6ffbcd0,0x00000000e7000000)
  to   space 16384K, 0% used [0x00000000ea700000,0x00000000ea700000,0x00000000eb700000)
 ParOldGen       total 113664K, used 23236K [0x00000000a0000000, 0x00000000a6f00000, 0x00000000e0000000)
  object space 113664K, 20% used [0x00000000a0000000,0x00000000a16b13a0,0x00000000a6f00000)
 Metaspace       used 34230K, capacity 34720K, committed 34864K, reserved 1079296K
  class space    used 4228K, capacity 4369K, committed 4400K, reserved 1048576K
}
Event: 10.304 GC heap before
{Heap before GC invocations=6 (full 2):
 PSYoungGen      total 114688K, used 21771K [0x00000000e0000000, 0x00000000eb700000, 0x0000000100000000)
  eden space 98304K, 5% used [0x00000000e0000000,0x00000000e0547188,0x00000000e6000000)
  from space 16384K, 99% used [0x00000000e6000000,0x00000000e6ffbcd0,0x00000000e7000000)
  to   space 16384K, 0% used [0x00000000ea700000,0x00000000ea700000,0x00000000eb700000)
 ParOldGen       total 113664K, used 23236K [0x00000000a0000000, 0x00000000a6f00000, 0x00000000e0000000)
  object space 113664K, 20% used [0x00000000a0000000,0x00000000a16b13a0,0x00000000a6f00000)
 Metaspace       used 34731K, capacity 35252K, committed 35496K, reserved 1081344K
  class space    used 4282K, capacity 4437K, committed 4528K, reserved 1048576K
Event: 10.317 GC heap after
Heap after GC invocations=6 (full 2):
 PSYoungGen      total 171008K, used 11652K [0x00000000e0000000, 0x00000000ed780000, 0x0000000100000000)
  eden space 154624K, 0% used [0x00000000e0000000,0x00000000e0000000,0x00000000e9700000)
  from space 16384K, 71% used [0x00000000ea700000,0x00000000eb2613c0,0x00000000eb700000)
  to   space 16384K, 0% used [0x00000000e9700000,0x00000000e9700000,0x00000000ea700000)
 ParOldGen       total 113664K, used 23244K [0x00000000a0000000, 0x00000000a6f00000, 0x00000000e0000000)
  object space 113664K, 20% used [0x00000000a0000000,0x00000000a16b33a0,0x00000000a6f00000)
 Metaspace       used 34731K, capacity 35252K, committed 35496K, reserved 1081344K
  class space    used 4282K, capacity 4437K, committed 4528K, reserved 1048576K
}
Event: 10.317 GC heap before
{Heap before GC invocations=7 (full 3):
 PSYoungGen      total 171008K, used 11652K [0x00000000e0000000, 0x00000000ed780000, 0x0000000100000000)
  eden space 154624K, 0% used [0x00000000e0000000,0x00000000e0000000,0x00000000e9700000)
  from space 16384K, 71% used [0x00000000ea700000,0x00000000eb2613c0,0x00000000eb700000)
  to   space 16384K, 0% used [0x00000000e9700000,0x00000000e9700000,0x00000000ea700000)
 ParOldGen       total 113664K, used 23244K [0x00000000a0000000, 0x00000000a6f00000, 0x00000000e0000000)
  object space 113664K, 20% used [0x00000000a0000000,0x00000000a16b33a0,0x00000000a6f00000)
 Metaspace       used 34731K, capacity 35252K, committed 35496K, reserved 1081344K
  class space    used 4282K, capacity 4437K, committed 4528K, reserved 1048576K
Event: 10.413 GC heap after
Heap after GC invocations=7 (full 3):
 PSYoungGen      total 171008K, used 0K [0x00000000e0000000, 0x00000000ed780000, 0x0000000100000000)
  eden space 154624K, 0% used [0x00000000e0000000,0x00000000e0000000,0x00000000e9700000)
  from space 16384K, 0% used [0x00000000ea700000,0x00000000ea700000,0x00000000eb700000)
  to   space 16384K, 0% used [0x00000000e9700000,0x00000000e9700000,0x00000000ea700000)
 ParOldGen       total 153088K, used 17110K [0x00000000a0000000, 0x00000000a9580000, 0x00000000e0000000)
  object space 153088K, 11% used [0x00000000a0000000,0x00000000a10b5ac0,0x00000000a9580000)
 Metaspace       used 34731K, capacity 35252K, committed 35496K, reserved 1081344K
  class space    used 4282K, capacity 4437K, committed 4528K, reserved 1048576K
}
Event: 13.006 GC heap before
{Heap before GC invocations=8 (full 3):
 PSYoungGen      total 171008K, used 154624K [0x00000000e0000000, 0x00000000ed780000, 0x0000000100000000)
  eden space 154624K, 100% used [0x00000000e0000000,0x00000000e9700000,0x00000000e9700000)
  from space 16384K, 0% used [0x00000000ea700000,0x00000000ea700000,0x00000000eb700000)
  to   space 16384K, 0% used [0x00000000e9700000,0x00000000e9700000,0x00000000ea700000)
 ParOldGen       total 153088K, used 17110K [0x00000000a0000000, 0x00000000a9580000, 0x00000000e0000000)
  object space 153088K, 11% used [0x00000000a0000000,0x00000000a10b5ac0,0x00000000a9580000)
 Metaspace       used 42365K, capacity 43046K, committed 43304K, reserved 1087488K
  class space    used 5122K, capacity 5304K, committed 5424K, reserved 1048576K
Event: 13.050 GC heap after
Heap after GC invocations=8 (full 3):
 PSYoungGen      total 171008K, used 16381K [0x00000000e0000000, 0x00000000f1b00000, 0x0000000100000000)
  eden space 154624K, 0% used [0x00000000e0000000,0x00000000e0000000,0x00000000e9700000)
  from space 16384K, 99% used [0x00000000e9700000,0x00000000ea6ff798,0x00000000ea700000)
  to   space 16384K, 0% used [0x00000000f0b00000,0x00000000f0b00000,0x00000000f1b00000)
 ParOldGen       total 153088K, used 25951K [0x00000000a0000000, 0x00000000a9580000, 0x00000000e0000000)
  object space 153088K, 16% used [0x00000000a0000000,0x00000000a1957f60,0x00000000a9580000)
 Metaspace       used 42365K, capacity 43046K, committed 43304K, reserved 1087488K
  class space    used 5122K, capacity 5304K, committed 5424K, reserved 1048576K
}
Event: 16.061 GC heap before
{Heap before GC invocations=9 (full 3):
 PSYoungGen      total 171008K, used 171005K [0x00000000e0000000, 0x00000000f1b00000, 0x0000000100000000)
  eden space 154624K, 100% used [0x00000000e0000000,0x00000000e9700000,0x00000000e9700000)
  from space 16384K, 99% used [0x00000000e9700000,0x00000000ea6ff798,0x00000000ea700000)
  to   space 16384K, 0% used [0x00000000f0b00000,0x00000000f0b00000,0x00000000f1b00000)
 ParOldGen       total 153088K, used 25951K [0x00000000a0000000, 0x00000000a9580000, 0x00000000e0000000)
  object space 153088K, 16% used [0x00000000a0000000,0x00000000a1957f60,0x00000000a9580000)
 Metaspace       used 48926K, capacity 49756K, committed 50088K, reserved 1093632K
  class space    used 6049K, capacity 6239K, committed 6320K, reserved 1048576K
Event: 16.093 GC heap after
Heap after GC invocations=9 (full 3):
 PSYoungGen      total 250368K, used 16381K [0x00000000e0000000, 0x00000000f4100000, 0x0000000100000000)
  eden space 233984K, 0% used [0x00000000e0000000,0x00000000e0000000,0x00000000ee480000)
  from space 16384K, 99% used [0x00000000f0b00000,0x00000000f1aff7b8,0x00000000f1b00000)
  to   space 39424K, 0% used [0x00000000ee480000,0x00000000ee480000,0x00000000f0b00000)
 ParOldGen       total 153088K, used 42356K [0x00000000a0000000, 0x00000000a9580000, 0x00000000e0000000)
  object space 153088K, 27% used [0x00000000a0000000,0x00000000a295d170,0x00000000a9580000)
 Metaspace       used 48926K, capacity 49756K, committed 50088K, reserved 1093632K
  class space    used 6049K, capacity 6239K, committed 6320K, reserved 1048576K
}

Deoptimization events (10 events):
Event: 16.215 Thread 0x0000000018a91000 Uncommon trap: reason=bimorphic action=maybe_recompile pc=0x00000000038a1c4c method=org.jetbrains.kotlin.com.intellij.lang.impl.PsiBuilderAdapter.mark()Lorg/jetbrains/kotlin/com/intellij/lang/PsiBuilder$Marker; @ 4
Event: 16.284 Thread 0x0000000018a91000 Uncommon trap: reason=unstable_if action=reinterpret pc=0x000000000452758c method=org.jetbrains.kotlin.gnu.trove.TIntObjectHashMap.insertionIndex(I)I @ 79
Event: 16.308 Thread 0x0000000018a91000 Uncommon trap: reason=class_check action=maybe_recompile pc=0x0000000004327fac method=org.jetbrains.kotlin.com.intellij.lang.ASTFactory.factory(Lorg/jetbrains/kotlin/com/intellij/psi/tree/IElementType;)Lorg/jetbrains/kotlin/com/intellij/lang/ASTFactory; @
Event: 16.308 Thread 0x0000000018a91000 Uncommon trap: reason=bimorphic action=maybe_recompile pc=0x0000000004387964 method=org.jetbrains.kotlin.com.intellij.psi.impl.source.tree.TreeElement.rawInsertAfterMeWithoutNotifications(Lorg/jetbrains/kotlin/com/intellij/psi/impl/source/tree/TreeElement
Event: 16.308 Thread 0x0000000018a91000 Uncommon trap: reason=bimorphic action=maybe_recompile pc=0x0000000004387964 method=org.jetbrains.kotlin.com.intellij.psi.impl.source.tree.TreeElement.rawInsertAfterMeWithoutNotifications(Lorg/jetbrains/kotlin/com/intellij/psi/impl/source/tree/TreeElement
Event: 16.308 Thread 0x0000000018a91000 Uncommon trap: reason=class_check action=maybe_recompile pc=0x0000000004327fac method=org.jetbrains.kotlin.com.intellij.lang.ASTFactory.factory(Lorg/jetbrains/kotlin/com/intellij/psi/tree/IElementType;)Lorg/jetbrains/kotlin/com/intellij/lang/ASTFactory; @
Event: 16.308 Thread 0x0000000018a91000 Uncommon trap: reason=bimorphic action=maybe_recompile pc=0x0000000004387964 method=org.jetbrains.kotlin.com.intellij.psi.impl.source.tree.TreeElement.rawInsertAfterMeWithoutNotifications(Lorg/jetbrains/kotlin/com/intellij/psi/impl/source/tree/TreeElement
Event: 16.309 Thread 0x0000000018a91000 Uncommon trap: reason=bimorphic action=maybe_recompile pc=0x0000000004387964 method=org.jetbrains.kotlin.com.intellij.psi.impl.source.tree.TreeElement.rawInsertAfterMeWithoutNotifications(Lorg/jetbrains/kotlin/com/intellij/psi/impl/source/tree/TreeElement
Event: 16.309 Thread 0x0000000018a91000 Uncommon trap: reason=class_check action=maybe_recompile pc=0x0000000004327fac method=org.jetbrains.kotlin.com.intellij.lang.ASTFactory.factory(Lorg/jetbrains/kotlin/com/intellij/psi/tree/IElementType;)Lorg/jetbrains/kotlin/com/intellij/lang/ASTFactory; @
Event: 16.309 Thread 0x0000000018a91000 Uncommon trap: reason=class_check action=maybe_recompile pc=0x0000000004327fac method=org.jetbrains.kotlin.com.intellij.lang.ASTFactory.factory(Lorg/jetbrains/kotlin/com/intellij/psi/tree/IElementType;)Lorg/jetbrains/kotlin/com/intellij/lang/ASTFactory; @

Classes redefined (0 events):
No events

Internal exceptions (10 events):
Event: 10.426 Thread 0x0000000018a91000 Exception <a 'java/lang/NoSuchMethodError': java.lang.Object.lambda$static$0(I)[Lorg/jetbrains/kotlin/psi/KtDeclaration;> (0x00000000e009efd0) thrown at [D:\src\AOSP-openjdk-cygwin\jdk8u\hotspot\src\share\vm\interpreter\linkResolver.cpp, line 584]
Event: 10.428 Thread 0x0000000018a91000 Exception <a 'java/lang/NoSuchMethodError': java.lang.Object.lambda$static$0(I)[Lorg/jetbrains/kotlin/com/intellij/psi/PsiElement;> (0x00000000e00ac0a0) thrown at [D:\src\AOSP-openjdk-cygwin\jdk8u\hotspot\src\share\vm\interpreter\linkResolver.cpp, line 58
Event: 10.479 Thread 0x0000000018a91000 Exception <a 'java/lang/NoSuchMethodError': java.lang.Object.lambda$static$0(I)[Lorg/jetbrains/kotlin/psi/KtTypeElement;> (0x00000000e0371958) thrown at [D:\src\AOSP-openjdk-cygwin\jdk8u\hotspot\src\share\vm\interpreter\linkResolver.cpp, line 584]
Event: 10.854 Thread 0x0000000018a91000 Exception <a 'java/lang/NoSuchMethodError': java.lang.Object.lambda$static$0(I)[Lorg/jetbrains/kotlin/com/intellij/psi/PsiClass;> (0x00000000e14da050) thrown at [D:\src\AOSP-openjdk-cygwin\jdk8u\hotspot\src\share\vm\interpreter\linkResolver.cpp, line 584]
Event: 12.079 Thread 0x0000000018a91000 Implicit null exception at 0x0000000003c9e454 to 0x0000000003c9e749
Event: 12.079 Thread 0x0000000018a91000 Implicit null exception at 0x0000000003c5d42f to 0x0000000003c5d46d
Event: 14.205 Thread 0x0000000018a91000 Implicit null exception at 0x0000000003258614 to 0x00000000032589b9
Event: 14.219 Thread 0x0000000018a91000 Implicit null exception at 0x000000000322d256 to 0x000000000322d5ed
Event: 15.760 Thread 0x0000000018a91000 Exception <a 'java/lang/NoSuchMethodError': java.lang.Object.lambda$static$0(I)[Lorg/jetbrains/kotlin/com/intellij/psi/PsiTypeElement;> (0x00000000e8a09608) thrown at [D:\src\AOSP-openjdk-cygwin\jdk8u\hotspot\src\share\vm\interpreter\linkResolver.cpp, lin
Event: 15.770 Thread 0x0000000018a91000 Exception <a 'java/lang/NoSuchMethodError': java.lang.Object.lambda$static$0(I)[Lorg/jetbrains/kotlin/com/intellij/psi/PsiTypeParameter;> (0x00000000e8a88a68) thrown at [D:\src\AOSP-openjdk-cygwin\jdk8u\hotspot\src\share\vm\interpreter\linkResolver.cpp, l

Events (10 events):
Event: 16.312 loading class org/jetbrains/kotlin/com/intellij/psi/impl/source/tree/java/TypeParameterListElement
Event: 16.312 loading class org/jetbrains/kotlin/com/intellij/psi/impl/source/tree/java/TypeParameterListElement done
Event: 16.313 loading class org/jetbrains/kotlin/com/intellij/psi/impl/source/tree/java/ReferenceListElement
Event: 16.313 loading class org/jetbrains/kotlin/com/intellij/psi/impl/source/tree/java/ReferenceListElement done
Event: 16.314 loading class org/jetbrains/kotlin/com/intellij/psi/impl/source/tree/java/FieldElement
Event: 16.314 loading class org/jetbrains/kotlin/com/intellij/psi/impl/source/tree/java/FieldElement done
Event: 16.316 loading class org/jetbrains/kotlin/com/intellij/psi/impl/source/javadoc/PsiDocCommentImpl
Event: 16.316 loading class org/jetbrains/kotlin/com/intellij/psi/impl/source/javadoc/PsiDocCommentImpl done
Event: 16.317 loading class org/jetbrains/kotlin/com/intellij/psi/javadoc/PsiDocComment
Event: 16.317 loading class org/jetbrains/kotlin/com/intellij/psi/javadoc/PsiDocComment done


Dynamic libraries:
0x00007ff6e20e0000 - 0x00007ff6e2111000 	C:\Program Files\Android\Android Studio\jre\jre\bin\java.exe
0x00007ff8101f0000 - 0x00007ff8103d1000 	C:\WINDOWS\SYSTEM32\ntdll.dll
0x00007ff80e260000 - 0x00007ff80e312000 	C:\WINDOWS\System32\KERNEL32.DLL
0x00007ff80d1b0000 - 0x00007ff80d423000 	C:\WINDOWS\System32\KERNELBASE.dll
0x00007ff80e1b0000 - 0x00007ff80e251000 	C:\WINDOWS\System32\ADVAPI32.dll
0x00007ff80df20000 - 0x00007ff80dfbe000 	C:\WINDOWS\System32\msvcrt.dll
0x00007ff80fd60000 - 0x00007ff80fdbb000 	C:\WINDOWS\System32\sechost.dll
0x00007ff80fed0000 - 0x00007ff80fff4000 	C:\WINDOWS\System32\RPCRT4.dll
0x00007ff810030000 - 0x00007ff8101c0000 	C:\WINDOWS\System32\USER32.dll
0x00007ff80c640000 - 0x00007ff80c660000 	C:\WINDOWS\System32\win32u.dll
0x00007ff810000000 - 0x00007ff810028000 	C:\WINDOWS\System32\GDI32.dll
0x00007ff80cf10000 - 0x00007ff80d0a2000 	C:\WINDOWS\System32\gdi32full.dll
0x00007ff80ce70000 - 0x00007ff80cf0f000 	C:\WINDOWS\System32\msvcp_win.dll
0x00007ff80d0b0000 - 0x00007ff80d1aa000 	C:\WINDOWS\System32\ucrtbase.dll
0x00007ffff6690000 - 0x00007ffff68f9000 	C:\WINDOWS\WinSxS\amd64_microsoft.windows.common-controls_6595b64144ccf1df_6.0.17134.345_none_fb429a5930656358\COMCTL32.dll
0x00007ff80e330000 - 0x00007ff80e653000 	C:\WINDOWS\System32\combase.dll
0x00007ff80c5c0000 - 0x00007ff80c63a000 	C:\WINDOWS\System32\bcryptPrimitives.dll
0x00007ff80fc20000 - 0x00007ff80fc4d000 	C:\WINDOWS\System32\IMM32.DLL
0x00000000666f0000 - 0x00000000667c2000 	C:\Program Files\Android\Android Studio\jre\jre\bin\msvcr100.dll
0x0000000064da0000 - 0x00000000655df000 	C:\Program Files\Android\Android Studio\jre\jre\bin\server\jvm.dll
0x00007ff80e020000 - 0x00007ff80e028000 	C:\WINDOWS\System32\PSAPI.DLL
0x00007ff808740000 - 0x00007ff808763000 	C:\WINDOWS\SYSTEM32\WINMM.dll
0x00007ffffd180000 - 0x00007ffffd189000 	C:\WINDOWS\SYSTEM32\WSOCK32.dll
0x00007ff80fdc0000 - 0x00007ff80fe2c000 	C:\WINDOWS\System32\WS2_32.dll
0x00007ffffca20000 - 0x00007ffffca2a000 	C:\WINDOWS\SYSTEM32\VERSION.dll
0x00007ff808710000 - 0x00007ff80873a000 	C:\WINDOWS\SYSTEM32\winmmbase.dll
0x00007ff80cd70000 - 0x00007ff80cdb9000 	C:\WINDOWS\System32\cfgmgr32.dll
0x00007ff8060f0000 - 0x00007ff8060ff000 	C:\Program Files\Android\Android Studio\jre\jre\bin\verify.dll
0x00007ff805eb0000 - 0x00007ff805ed9000 	C:\Program Files\Android\Android Studio\jre\jre\bin\java.dll
0x00007ff805e90000 - 0x00007ff805ea6000 	C:\Program Files\Android\Android Studio\jre\jre\bin\zip.dll
0x00007ff80e660000 - 0x00007ff80fa9f000 	C:\WINDOWS\System32\SHELL32.dll
0x00007ff80fcb0000 - 0x00007ff80fd59000 	C:\WINDOWS\System32\shcore.dll
0x00007ff80c660000 - 0x00007ff80cd6d000 	C:\WINDOWS\System32\windows.storage.dll
0x00007ff80fbc0000 - 0x00007ff80fc11000 	C:\WINDOWS\System32\shlwapi.dll
0x00007ff80c520000 - 0x00007ff80c531000 	C:\WINDOWS\System32\kernel.appcore.dll
0x00007ff80c500000 - 0x00007ff80c51f000 	C:\WINDOWS\System32\profapi.dll
0x00007ff80c560000 - 0x00007ff80c5ac000 	C:\WINDOWS\System32\powrprof.dll
0x00007ff80c5b0000 - 0x00007ff80c5ba000 	C:\WINDOWS\System32\FLTLIB.DLL
0x00007ff8060c0000 - 0x00007ff8060cd000 	C:\Program Files\Android\Android Studio\jre\jre\bin\management.dll
0x00007ff805e70000 - 0x00007ff805e8a000 	C:\Program Files\Android\Android Studio\jre\jre\bin\net.dll
0x00007ff80bd20000 - 0x00007ff80bd86000 	C:\WINDOWS\system32\mswsock.dll
0x00007ff805e50000 - 0x00007ff805e61000 	C:\Program Files\Android\Android Studio\jre\jre\bin\nio.dll
0x00007ff80bed0000 - 0x00007ff80bee7000 	C:\WINDOWS\SYSTEM32\CRYPTSP.dll
0x00007ff80b900000 - 0x00007ff80b933000 	C:\WINDOWS\system32\rsaenh.dll
0x00007ff80c000000 - 0x00007ff80c025000 	C:\WINDOWS\SYSTEM32\bcrypt.dll
0x00007ff80c400000 - 0x00007ff80c428000 	C:\WINDOWS\SYSTEM32\USERENV.dll
0x00007ff80bef0000 - 0x00007ff80befb000 	C:\WINDOWS\SYSTEM32\CRYPTBASE.dll
0x00007ff80baa0000 - 0x00007ff80bad8000 	C:\WINDOWS\SYSTEM32\IPHLPAPI.DLL
0x00007ff80e320000 - 0x00007ff80e328000 	C:\WINDOWS\System32\NSI.dll
0x00007ff803070000 - 0x00007ff803086000 	C:\WINDOWS\SYSTEM32\dhcpcsvc6.DLL
0x00007ff802fa0000 - 0x00007ff802fba000 	C:\WINDOWS\SYSTEM32\dhcpcsvc.DLL

VM Arguments:
jvm_args: -Djava.awt.headless=true -Djava.rmi.server.hostname=localhost -Xmx1536m -Dkotlin.environment.keepalive 
java_command: org.jetbrains.kotlin.daemon.KotlinCompileDaemon --daemon-runFilesPath C:\Users\pepel\AppData\Local\kotlin\daemon --daemon-autoshutdownIdleSeconds=7200 --daemon-compilerClasspath C:\Users\pepel\.gradle\caches\modules-2\files-2.1\org.jetbrains.kotlin\kotlin-compiler-embeddable\1.2.51\205147cc6c2dcbe7d9d71125fe315b14b8a14be4\kotlin-compiler-embeddable-1.2.51.jar;C:\Users\pepel\.gradle\caches\modules-2\files-2.1\org.jetbrains.kotlin\kotlin-stdlib\1.2.51\fa8127e505bff50fec291d0dd619d1bda5c619e0\kotlin-stdlib-1.2.51.jar;C:\Users\pepel\.gradle\caches\modules-2\files-2.1\org.jetbrains.kotlin\kotlin-script-runtime\1.2.51\6f8ef6758f396b354e422c3e82d9cd14795fe0e2\kotlin-script-runtime-1.2.51.jar;C:\Users\pepel\.gradle\caches\modules-2\files-2.1\org.jetbrains.kotlin\kotlin-reflect\1.2.51\36b719a7b84452dd13eeec979d8c82bfb765c57d\kotlin-reflect-1.2.51.jar;C:\Users\pepel\.gradle\caches\modules-2\files-2.1\org.jetbrains.kotlin\kotlin-scripting-common\1.2.51\7861b42b7e5625df4a230d868476d4cda331be77\kotlin-scripting-common-1.2.51.jar;C:\Users\pepel\.gradle\caches\modules-2\files-2.1\org.jetbrains.kotlin\kotlin-scripting-jvm\1.2.51\f80afc81cf004fb572f8a09353960490ab6630c6\kotlin-scripting-jvm-1.2.51.jar;C:\Users\pepel\.gradle\caches\modules-2\files-2.1\org.jetbrains.kotlinx\kotlinx-coroutines-core\0.20\5f3fa9b5b2dc9cfc0d9358d5b2cab154d590a564\kotlinx-coroutines-core-0.20.jar;C:\Program Files\Android\Android Studio\jre\lib\tools.jar
java_class_path (initial): C:\Users\pepel\.gradle\caches\modules-2\files-2.1\org.jetbrains.kotlin\kotlin-compiler-embeddable\1.2.51\205147cc6c2dcbe7d9d71125fe315b14b8a14be4\kotlin-compiler-embeddable-1.2.51.jar;C:\Users\pepel\.gradle\caches\modules-2\files-2.1\org.jetbrains.kotlin\kotlin-stdlib\1.2.51\fa8127e505bff50fec291d0dd619d1bda5c619e0\kotlin-stdlib-1.2.51.jar;C:\Users\pepel\.gradle\caches\modules-2\files-2.1\org.jetbrains.kotlin\kotlin-script-runtime\1.2.51\6f8ef6758f396b354e422c3e82d9cd14795fe0e2\kotlin-script-runtime-1.2.51.jar;C:\Users\pepel\.gradle\caches\modules-2\files-2.1\org.jetbrains.kotlin\kotlin-reflect\1.2.51\36b719a7b84452dd13eeec979d8c82bfb765c57d\kotlin-reflect-1.2.51.jar;C:\Users\pepel\.gradle\caches\modules-2\files-2.1\org.jetbrains.kotlin\kotlin-scripting-common\1.2.51\7861b42b7e5625df4a230d868476d4cda331be77\kotlin-scripting-common-1.2.51.jar;C:\Users\pepel\.gradle\caches\modules-2\files-2.1\org.jetbrains.kotlin\kotlin-scripting-jvm\1.2.51\f80afc81cf004fb572f8a09353960490ab6630c6\kotlin-scripting-jvm-1.2.51.jar;C:\Users\pepel\.gradle\caches\modules-2\files-2.1\org.jetbrains.kotlinx\kotlinx-coroutines-core\0.20\5f3fa9b5b2dc9cfc0d9358d5b2cab154d590a564\kotlinx-coroutines-core-0.20.jar;C:\Program Files\Android\Android Studio\jre\lib\tools.jar
Launcher Type: SUN_STANDARD

Environment Variables:
JAVA_HOME=C:\Program Files (x86)\Java\jdk1.8.0_181
USERNAME=pepel
OS=Windows_NT
PROCESSOR_IDENTIFIER=Intel64 Family 6 Model 142 Stepping 9, GenuineIntel



---------------  S Y S T E M  ---------------

OS: Windows 10.0 , 64 bit Build 17134 (10.0.17134.1)

CPU:total 4 (initial active 4) (2 cores per cpu, 2 threads per core) family 6 model 142 stepping 9, cmov, cx8, fxsr, mmx, sse, sse2, sse3, ssse3, sse4.1, sse4.2, popcnt, avx, avx2, aes, clmul, erms, 3dnowpref, lzcnt, ht, tsc, tscinvbit, bmi1, bmi2, adx

Memory: 4k page, physical 25079716k(4795196k free), swap 29175716k(9216k free)

vm_info: OpenJDK 64-Bit Server VM (25.152-b02) for windows-amd64 JRE (1.8.0_152-release-1024-b02), built by "builder" with MS VC++ 10.0 (VS2010)

time: Wed Nov 07 14:18:32 2018
elapsed time: 16 seconds (0d 0h 0m 16s)

